Rufus x86 v3.17.1846 (Portable)
Windows version: Windows 10 Pro, 64-bit (Build 19042.1415)
Syslinux versions: 4.07/2013-07-25, 6.04/pre1
Grub versions: 0.4.6a, 2.06
System locale ID: 0x0419 (ru-RU)
Will use default UI locale 0x0419
SetLGP: Successfully set NoDriveTypeAutorun policy to 0x0000009E
Localization set to 'ru-RU'
NOTE: The Russian (Русский) translation requires an update, but the current translator hasn't submitted one. Because of this, some messages will only be displayed in English.
If you think you can help update this translation, please e-mail the author of this application
Found USB 2.0 device 'SCSI DISK USB Device' (23A9:EF18)
1 device found
Disk type: Removable, Disk size: 8 ГБ, Sector size: 512 bytes
Cylinders: 981, Tracks per cylinder: 255, Sectors per track: 63
Partition type: MBR, NB Partitions: 1
Disk ID: 0x005684AE
Drive has a DOS/NT/95A (F2) Master Boot Record
Partition 1:
  Type: FAT32 (0x0b)
  Size: 7.5 GB (8069857280 bytes)
  Start Sector: 56, Boot: Yes
Found USB 2.0 device 'SCSI DISK USB Device' (23A9:EF18)
1 device found
Disk type: Removable, Disk size: 8 ГБ, Sector size: 512 bytes
Cylinders: 981, Tracks per cylinder: 255, Sectors per track: 63
Partition type: MBR, NB Partitions: 1
Disk ID: 0x005684AE
Drive has a DOS/NT/95A (F2) Master Boot Record
Partition 1:
  Type: FAT32 (0x0b)
  Size: 7.5 GB (8069857280 bytes)
  Start Sector: 56, Boot: Yes
Found USB 2.0 device 'SCSI DISK USB Device' (23A9:EF18)
1 device found
Disk type: Removable, Disk size: 8 ГБ, Sector size: 512 bytes
Cylinders: 981, Tracks per cylinder: 255, Sectors per track: 63
Partition type: MBR, NB Partitions: 1
Disk ID: 0x005684AE
Drive has a DOS/NT/95A (F2) Master Boot Record
Partition 1:
  Type: FAT32 LBA (0x0c)
  Size: 7.5 GB (8069857280 bytes)
  Start Sector: 56, Boot: Yes
Scanning image...
ISO analysis:
  Image is an ISO9660 image
  Will use '/isolinux/isolinux.cfg' for Syslinux
  Detected Syslinux version: 6.04/20191223 (from '/isolinux/isolinux.bin')
Disk image analysis:
  Image has an unknown Master Boot Record
  Image is a bootable disk image
ISO label: 'Ubuntu 20.04.3 LTS amd64'
  Size: 2.9 ГБ (Projected)
  Has a >64 chars filename
  Uses: Syslinux/Isolinux v6.04
  Uses: EFI
  Note: This ISO uses symbolic links, which will not be replicated due to file system
  limitations. Because of this, some features from this image may not work...
Using image: ubuntu-20.04.3-desktop-amd64.iso (2.9 ГБ)
Downloading https://rufus.ie/files/syslinux-6.04/20191223/ldlinux.sys
Unable to access file: 404
Extended version was not found, trying main version...
Downloading https://rufus.ie/files/syslinux-6.04/ldlinux.sys
File length: 66.5 КБ
Successfully downloaded 'ldlinux.sys'
Download signature is valid ✓
Downloading https://rufus.ie/files/syslinux-6.04/20191223/ldlinux.bss
Unable to access file: 404
Extended version was not found, trying main version...
Downloading https://rufus.ie/files/syslinux-6.04/ldlinux.bss
File length: 512 байт
Successfully downloaded 'ldlinux.bss'
Download signature is valid ✓

Format operation started
Requesting disk access...
Will use 'E:' as volume mountpoint
Opened \\.\PhysicalDrive2 for exclusive write access
Analyzing existing boot records...
Drive has a DOS/NT/95A (F2) Master Boot Record
Clearing MBR/PBR/GPT structures...
Erasing 128 sectors
Initializing disk...
Partitioning (MBR)...
● Creating Main Data Partition (offset: 1048576, size: 7.5 GB)
Waiting for logical drive to reappear...
Formatting to FAT32 (using IFS)
Using cluster size: 4096 bytes
Quick format was selected
Creating file system...
Format completed.
Writing Master Boot Record...
Partition is already FAT32 LBA...
Set bootable USB partition as 0x80
Using Syslinux MBR
Found volume \\?\Volume{a045f82b-616a-11ec-96fe-74d43540116d}\
Installing Syslinux 6.04...
Opened \\?\Volume{a045f82b-616a-11ec-96fe-74d43540116d} for shared write access
Using existing 'C:\Users\denis\Desktop\Новая папка\dist\img\main-screen\Rufus\syslinux-6.04/20191223\ldlinux.sys' ✓
Using existing 'C:\Users\denis\Desktop\Новая папка\dist\img\main-screen\Rufus\syslinux-6.04/20191223\ldlinux.bss' ✓
Successfully wrote 'ldlinux.sys'
Successfully wrote Syslinux boot record
Successfully remounted \\?\Volume{a045f82b-616a-11ec-96fe-74d43540116d}\ as E:
Extracting files...
Image is an ISO9660 image
This image will be extracted using Rock Ridge extensions (if present)
Extracting: E:\.disk\base_installable (0 bytes)
Extracting: E:\.disk\casper-uuid-generic (37 bytes)
Extracting: E:\.disk\cd_type (15 bytes)
Extracting: E:\.disk\info (59 bytes)
Extracting: E:\.disk\release_notes_url (80 bytes)
Extracting: E:\boot\grub\efi.img (3.9 MB)
Extracting: E:\boot\grub\font.pf2 (4.9 KB)
Extracting: E:\boot\grub\grub.cfg (913 bytes)
Extracting: E:\boot\grub\loopback.cfg (240 bytes)
Extracting: E:\boot\grub\x86_64-efi\acpi.mod (15.2 KB)
Extracting: E:\boot\grub\x86_64-efi\adler32.mod (2 KB)
Extracting: E:\boot\grub\x86_64-efi\ahci.mod (22.4 KB)
Extracting: E:\boot\grub\x86_64-efi\all_video.mod (824 bytes)
Extracting: E:\boot\grub\x86_64-efi\aout.mod (1.6 KB)
Extracting: E:\boot\grub\x86_64-efi\appleldr.mod (5.4 KB)
Extracting: E:\boot\grub\x86_64-efi\archelp.mod (4.5 KB)
Extracting: E:\boot\grub\x86_64-efi\ata.mod (8.9 KB)
Extracting: E:\boot\grub\x86_64-efi\at_keyboard.mod (6.9 KB)
Extracting: E:\boot\grub\x86_64-efi\backtrace.mod (2.6 KB)
Extracting: E:\boot\grub\x86_64-efi\bfs.mod (9.3 KB)
Extracting: E:\boot\grub\x86_64-efi\bitmap.mod (3.3 KB)
Extracting: E:\boot\grub\x86_64-efi\bitmap_scale.mod (5.4 KB)
Extracting: E:\boot\grub\x86_64-efi\blocklist.mod (3.1 KB)
Extracting: E:\boot\grub\x86_64-efi\boot.mod (3.3 KB)
Extracting: E:\boot\grub\x86_64-efi\bsd.mod (47.3 KB)
Extracting: E:\boot\grub\x86_64-efi\bswap_test.mod (3.4 KB)
Extracting: E:\boot\grub\x86_64-efi\btrfs.mod (24.6 KB)
Extracting: E:\boot\grub\x86_64-efi\bufio.mod (2.9 KB)
Extracting: E:\boot\grub\x86_64-efi\cat.mod (4.5 KB)
Extracting: E:\boot\grub\x86_64-efi\cbfs.mod (5.8 KB)
Extracting: E:\boot\grub\x86_64-efi\cbls.mod (6.2 KB)
Extracting: E:\boot\grub\x86_64-efi\cbmemc.mod (4.0 KB)
Extracting: E:\boot\grub\x86_64-efi\cbtable.mod (1.7 KB)
Extracting: E:\boot\grub\x86_64-efi\cbtime.mod (4.5 KB)
Extracting: E:\boot\grub\x86_64-efi\chain.mod (19.8 KB)
Extracting: E:\boot\grub\x86_64-efi\cmdline_cat_test.mod (4.7 KB)
Extracting: E:\boot\grub\x86_64-efi\cmp.mod (3.0 KB)
Extracting: E:\boot\grub\x86_64-efi\cmp_test.mod (6.6 KB)
Extracting: E:\boot\grub\x86_64-efi\command.lst (3.6 KB)
Extracting: E:\boot\grub\x86_64-efi\cpio.mod (4.4 KB)
Extracting: E:\boot\grub\x86_64-efi\cpio_be.mod (4.4 KB)
Extracting: E:\boot\grub\x86_64-efi\cpuid.mod (2.7 KB)
Extracting: E:\boot\grub\x86_64-efi\crc64.mod (2.3 KB)
Extracting: E:\boot\grub\x86_64-efi\crypto.lst (936 bytes)
Extracting: E:\boot\grub\x86_64-efi\crypto.mod (6.9 KB)
Extracting: E:\boot\grub\x86_64-efi\cryptodisk.mod (15.5 KB)
Extracting: E:\boot\grub\x86_64-efi\cs5536.mod (3.9 KB)
Extracting: E:\boot\grub\x86_64-efi\ctz_test.mod (2.8 KB)
Extracting: E:\boot\grub\x86_64-efi\date.mod (3.3 KB)
Extracting: E:\boot\grub\x86_64-efi\datehook.mod (3.1 KB)
Extracting: E:\boot\grub\x86_64-efi\datetime.mod (2.0 KB)
Extracting: E:\boot\grub\x86_64-efi\disk.mod (3.2 KB)
Extracting: E:\boot\grub\x86_64-efi\diskfilter.mod (14.6 KB)
Extracting: E:\boot\grub\x86_64-efi\div.mod (1.5 KB)
Extracting: E:\boot\grub\x86_64-efi\div_test.mod (8.1 KB)
Extracting: E:\boot\grub\x86_64-efi\dm_nv.mod (2.9 KB)
Extracting: E:\boot\grub\x86_64-efi\echo.mod (3.1 KB)
Extracting: E:\boot\grub\x86_64-efi\efifwsetup.mod (2.2 KB)
Extracting: E:\boot\grub\x86_64-efi\efinet.mod (10.1 KB)
Extracting: E:\boot\grub\x86_64-efi\efi_gop.mod (12.4 KB)
Extracting: E:\boot\grub\x86_64-efi\efi_uga.mod (7.1 KB)
Extracting: E:\boot\grub\x86_64-efi\ehci.mod (25.2 KB)
Extracting: E:\boot\grub\x86_64-efi\elf.mod (6.3 KB)
Extracting: E:\boot\grub\x86_64-efi\eval.mod (2.3 KB)
Extracting: E:\boot\grub\x86_64-efi\exfat.mod (8.0 KB)
Extracting: E:\boot\grub\x86_64-efi\exfctest.mod (2.4 KB)
Extracting: E:\boot\grub\x86_64-efi\ext2.mod (8.8 KB)
Extracting: E:\boot\grub\x86_64-efi\f2fs.mod (9.6 KB)
Extracting: E:\boot\grub\x86_64-efi\fat.mod (8.1 KB)
Extracting: E:\boot\grub\x86_64-efi\fdt.lst (0 bytes)
Extracting: E:\boot\grub\x86_64-efi\file.mod (25.5 KB)
Extracting: E:\boot\grub\x86_64-efi\fixvideo.mod (3.1 KB)
Extracting: E:\boot\grub\x86_64-efi\font.mod (17.0 KB)
Extracting: E:\boot\grub\x86_64-efi\fs.lst (219 bytes)
Extracting: E:\boot\grub\x86_64-efi\gcry_arcfour.mod (2.5 KB)
Extracting: E:\boot\grub\x86_64-efi\gcry_blowfish.mod (9 KB)
Extracting: E:\boot\grub\x86_64-efi\gcry_camellia.mod (27.9 KB)
Extracting: E:\boot\grub\x86_64-efi\gcry_cast5.mod (14.6 KB)
Extracting: E:\boot\grub\x86_64-efi\gcry_crc.mod (11.8 KB)
Extracting: E:\boot\grub\x86_64-efi\gcry_des.mod (16.2 KB)
Extracting: E:\boot\grub\x86_64-efi\gcry_dsa.mod (3.5 KB)
Extracting: E:\boot\grub\x86_64-efi\gcry_idea.mod (4.1 KB)
Extracting: E:\boot\grub\x86_64-efi\gcry_md4.mod (4.2 KB)
Extracting: E:\boot\grub\x86_64-efi\gcry_md5.mod (4.6 KB)
Extracting: E:\boot\grub\x86_64-efi\gcry_rfc2268.mod (3.3 KB)
Extracting: E:\boot\grub\x86_64-efi\gcry_rijndael.mod (20.1 KB)
Extracting: E:\boot\grub\x86_64-efi\gcry_rmd160.mod (7.9 KB)
Extracting: E:\boot\grub\x86_64-efi\gcry_rsa.mod (3.5 KB)
Extracting: E:\boot\grub\x86_64-efi\gcry_seed.mod (13.2 KB)
Extracting: E:\boot\grub\x86_64-efi\gcry_serpent.mod (16.5 KB)
Extracting: E:\boot\grub\x86_64-efi\gcry_sha1.mod (7.6 KB)
Extracting: E:\boot\grub\x86_64-efi\gcry_sha256.mod (5.2 KB)
Extracting: E:\boot\grub\x86_64-efi\gcry_sha512.mod (6 KB)
Extracting: E:\boot\grub\x86_64-efi\gcry_tiger.mod (13 KB)
Extracting: E:\boot\grub\x86_64-efi\gcry_twofish.mod (32.9 KB)
Extracting: E:\boot\grub\x86_64-efi\gcry_whirlpool.mod (22.5 KB)
Extracting: E:\boot\grub\x86_64-efi\geli.mod (9.2 KB)
Extracting: E:\boot\grub\x86_64-efi\gettext.mod (8.4 KB)
Extracting: E:\boot\grub\x86_64-efi\gfxmenu.mod (58.2 KB)
Extracting: E:\boot\grub\x86_64-efi\gfxterm.mod (16.7 KB)
Extracting: E:\boot\grub\x86_64-efi\gfxterm_background.mod (4.5 KB)
Extracting: E:\boot\grub\x86_64-efi\gfxterm_menu.mod (7.8 KB)
Extracting: E:\boot\grub\x86_64-efi\gptsync.mod (5.3 KB)
Extracting: E:\boot\grub\x86_64-efi\grub.cfg (219 bytes)
Extracting: E:\boot\grub\x86_64-efi\gzio.mod (11.7 KB)
Extracting: E:\boot\grub\x86_64-efi\halt.mod (6.7 KB)
Extracting: E:\boot\grub\x86_64-efi\hashsum.mod (8.3 KB)
Extracting: E:\boot\grub\x86_64-efi\hdparm.mod (10.3 KB)
Extracting: E:\boot\grub\x86_64-efi\help.mod (4.0 KB)
Extracting: E:\boot\grub\x86_64-efi\hexdump.mod (4.5 KB)
Extracting: E:\boot\grub\x86_64-efi\hfs.mod (10.0 KB)
Extracting: E:\boot\grub\x86_64-efi\hfsplus.mod (10.9 KB)
Extracting: E:\boot\grub\x86_64-efi\hfspluscomp.mod (4.3 KB)
Extracting: E:\boot\grub\x86_64-efi\http.mod (9.3 KB)
Extracting: E:\boot\grub\x86_64-efi\iorw.mod (4.7 KB)
Extracting: E:\boot\grub\x86_64-efi\jfs.mod (8.6 KB)
Extracting: E:\boot\grub\x86_64-efi\jpeg.mod (8.7 KB)
Extracting: E:\boot\grub\x86_64-efi\keylayouts.mod (6.4 KB)
Extracting: E:\boot\grub\x86_64-efi\keystatus.mod (3.1 KB)
Extracting: E:\boot\grub\x86_64-efi\ldm.mod (8.1 KB)
Extracting: E:\boot\grub\x86_64-efi\legacycfg.mod (44.0 KB)
Extracting: E:\boot\grub\x86_64-efi\legacy_password_test.mod (15.7 KB)
Extracting: E:\boot\grub\x86_64-efi\linux.mod (20.5 KB)
Extracting: E:\boot\grub\x86_64-efi\linux16.mod (8.9 KB)
Extracting: E:\boot\grub\x86_64-efi\linuxefi.mod (12 KB)
Extracting: E:\boot\grub\x86_64-efi\loadbios.mod (4.7 KB)
Extracting: E:\boot\grub\x86_64-efi\loadenv.mod (9.1 KB)
Extracting: E:\boot\grub\x86_64-efi\loopback.mod (4.8 KB)
Extracting: E:\boot\grub\x86_64-efi\ls.mod (6.4 KB)
Extracting: E:\boot\grub\x86_64-efi\lsacpi.mod (7.1 KB)
Extracting: E:\boot\grub\x86_64-efi\lsefi.mod (5.2 KB)
Extracting: E:\boot\grub\x86_64-efi\lsefimmap.mod (3.7 KB)
Extracting: E:\boot\grub\x86_64-efi\lsefisystab.mod (4.4 KB)
Extracting: E:\boot\grub\x86_64-efi\lsmmap.mod (3 KB)
Extracting: E:\boot\grub\x86_64-efi\lspci.mod (7.2 KB)
Extracting: E:\boot\grub\x86_64-efi\lssal.mod (3.8 KB)
Extracting: E:\boot\grub\x86_64-efi\luks.mod (9.6 KB)
Extracting: E:\boot\grub\x86_64-efi\lvm.mod (9.6 KB)
Extracting: E:\boot\grub\x86_64-efi\lzopio.mod (6.9 KB)
Extracting: E:\boot\grub\x86_64-efi\macbless.mod (4.9 KB)
Extracting: E:\boot\grub\x86_64-efi\macho.mod (10.8 KB)
Extracting: E:\boot\grub\x86_64-efi\mdraid09.mod (2.9 KB)
Extracting: E:\boot\grub\x86_64-efi\mdraid09_be.mod (2.9 KB)
Extracting: E:\boot\grub\x86_64-efi\mdraid1x.mod (2.7 KB)
Extracting: E:\boot\grub\x86_64-efi\memrw.mod (4.7 KB)
Extracting: E:\boot\grub\x86_64-efi\minicmd.mod (5.8 KB)
Extracting: E:\boot\grub\x86_64-efi\minix2.mod (5.6 KB)
Extracting: E:\boot\grub\x86_64-efi\minix2_be.mod (5.7 KB)
Extracting: E:\boot\grub\x86_64-efi\minix3.mod (5.7 KB)
Extracting: E:\boot\grub\x86_64-efi\minix3_be.mod (5.8 KB)
Extracting: E:\boot\grub\x86_64-efi\minix_be.mod (5.6 KB)
Extracting: E:\boot\grub\x86_64-efi\mmap.mod (9.4 KB)
Extracting: E:\boot\grub\x86_64-efi\moddep.lst (5.1 KB)
Extracting: E:\boot\grub\x86_64-efi\morse.mod (3.4 KB)
Extracting: E:\boot\grub\x86_64-efi\mpi.mod (42.6 KB)
Extracting: E:\boot\grub\x86_64-efi\msdospart.mod (3.8 KB)
Extracting: E:\boot\grub\x86_64-efi\multiboot.mod (20.5 KB)
Extracting: E:\boot\grub\x86_64-efi\multiboot2.mod (23.7 KB)
Extracting: E:\boot\grub\x86_64-efi\mul_test.mod (2.5 KB)
Extracting: E:\boot\grub\x86_64-efi\nativedisk.mod (6.7 KB)
Extracting: E:\boot\grub\x86_64-efi\net.mod (88.4 KB)
Extracting: E:\boot\grub\x86_64-efi\newc.mod (4.6 KB)
Extracting: E:\boot\grub\x86_64-efi\ntfs.mod (15 KB)
Extracting: E:\boot\grub\x86_64-efi\ntfscomp.mod (5.7 KB)
Extracting: E:\boot\grub\x86_64-efi\odc.mod (4.4 KB)
Extracting: E:\boot\grub\x86_64-efi\offsetio.mod (2.3 KB)
Extracting: E:\boot\grub\x86_64-efi\ohci.mod (15.6 KB)
Extracting: E:\boot\grub\x86_64-efi\partmap.lst (111 bytes)
Extracting: E:\boot\grub\x86_64-efi\parttool.lst (17 bytes)
Extracting: E:\boot\grub\x86_64-efi\parttool.mod (7.4 KB)
Extracting: E:\boot\grub\x86_64-efi\part_acorn.mod (2.4 KB)
Extracting: E:\boot\grub\x86_64-efi\part_amiga.mod (2.7 KB)
Extracting: E:\boot\grub\x86_64-efi\part_apple.mod (3.1 KB)
Extracting: E:\boot\grub\x86_64-efi\part_bsd.mod (4.3 KB)
Extracting: E:\boot\grub\x86_64-efi\part_dfly.mod (2.7 KB)
Extracting: E:\boot\grub\x86_64-efi\part_dvh.mod (2.3 KB)
Extracting: E:\boot\grub\x86_64-efi\part_gpt.mod (3.3 KB)
Extracting: E:\boot\grub\x86_64-efi\part_msdos.mod (3.1 KB)
Extracting: E:\boot\grub\x86_64-efi\part_plan.mod (2.6 KB)
Extracting: E:\boot\grub\x86_64-efi\part_sun.mod (2.3 KB)
Extracting: E:\boot\grub\x86_64-efi\part_sunpc.mod (2.6 KB)
Extracting: E:\boot\grub\x86_64-efi\password.mod (3 KB)
Extracting: E:\boot\grub\x86_64-efi\password_pbkdf2.mod (4.4 KB)
Extracting: E:\boot\grub\x86_64-efi\pata.mod (7.4 KB)
Extracting: E:\boot\grub\x86_64-efi\pbkdf2.mod (2.1 KB)
Extracting: E:\boot\grub\x86_64-efi\pbkdf2_test.mod (3.5 KB)
Extracting: E:\boot\grub\x86_64-efi\pcidump.mod (3.6 KB)
Extracting: E:\boot\grub\x86_64-efi\pgp.mod (19 KB)
Extracting: E:\boot\grub\x86_64-efi\play.mod (4.1 KB)
Extracting: E:\boot\grub\x86_64-efi\png.mod (10.2 KB)
Extracting: E:\boot\grub\x86_64-efi\priority_queue.mod (2.4 KB)
Extracting: E:\boot\grub\x86_64-efi\probe.mod (4.4 KB)
Extracting: E:\boot\grub\x86_64-efi\procfs.mod (3.9 KB)
Extracting: E:\boot\grub\x86_64-efi\progress.mod (3.2 KB)
Extracting: E:\boot\grub\x86_64-efi\raid5rec.mod (2.1 KB)
Extracting: E:\boot\grub\x86_64-efi\raid6rec.mod (3.4 KB)
Extracting: E:\boot\grub\x86_64-efi\random.mod (3.7 KB)
Extracting: E:\boot\grub\x86_64-efi\rdmsr.mod (3.1 KB)
Extracting: E:\boot\grub\x86_64-efi\read.mod (2.4 KB)
Extracting: E:\boot\grub\x86_64-efi\reboot.mod (1.7 KB)
Extracting: E:\boot\grub\x86_64-efi\regexp.mod (74.3 KB)
Extracting: E:\boot\grub\x86_64-efi\reiserfs.mod (13.6 KB)
Extracting: E:\boot\grub\x86_64-efi\relocator.mod (25.7 KB)
Extracting: E:\boot\grub\x86_64-efi\romfs.mod (5.8 KB)
Extracting: E:\boot\grub\x86_64-efi\scsi.mod (7 KB)
Extracting: E:\boot\grub\x86_64-efi\serial.mod (14.5 KB)
Extracting: E:\boot\grub\x86_64-efi\setjmp.mod (1 KB)
Extracting: E:\boot\grub\x86_64-efi\setjmp_test.mod (2.7 KB)
Extracting: E:\boot\grub\x86_64-efi\setpci.mod (8.3 KB)
Extracting: E:\boot\grub\x86_64-efi\shift_test.mod (3.2 KB)
Extracting: E:\boot\grub\x86_64-efi\shim_lock.mod (3.6 KB)
Extracting: E:\boot\grub\x86_64-efi\signature_test.mod (8.7 KB)
Extracting: E:\boot\grub\x86_64-efi\sleep.mod (3.6 KB)
Extracting: E:\boot\grub\x86_64-efi\sleep_test.mod (3.4 KB)
Extracting: E:\boot\grub\x86_64-efi\smbios.mod (8.5 KB)
Extracting: E:\boot\grub\x86_64-efi\spkmodem.mod (3.3 KB)
Extracting: E:\boot\grub\x86_64-efi\squash4.mod (9.9 KB)
Extracting: E:\boot\grub\x86_64-efi\strtoull_test.mod (3.4 KB)
Extracting: E:\boot\grub\x86_64-efi\syslinuxcfg.mod (29.3 KB)
Extracting: E:\boot\grub\x86_64-efi\terminal.lst (162 bytes)
Extracting: E:\boot\grub\x86_64-efi\terminal.mod (6.7 KB)
Extracting: E:\boot\grub\x86_64-efi\terminfo.mod (18.6 KB)
Extracting: E:\boot\grub\x86_64-efi\test.mod (7.4 KB)
Extracting: E:\boot\grub\x86_64-efi\testload.mod (3.9 KB)
Extracting: E:\boot\grub\x86_64-efi\testspeed.mod (3.5 KB)
Extracting: E:\boot\grub\x86_64-efi\test_blockarg.mod (2.1 KB)
Extracting: E:\boot\grub\x86_64-efi\tftp.mod (7.4 KB)
Extracting: E:\boot\grub\x86_64-efi\tga.mod (6.4 KB)
Extracting: E:\boot\grub\x86_64-efi\time.mod (2.4 KB)
Extracting: E:\boot\grub\x86_64-efi\tpm.mod (6.8 KB)
Extracting: E:\boot\grub\x86_64-efi\tr.mod (3.7 KB)
Extracting: E:\boot\grub\x86_64-efi\trig.mod (2.2 KB)
Extracting: E:\boot\grub\x86_64-efi\true.mod (2.0 KB)
Extracting: E:\boot\grub\x86_64-efi\udf.mod (12 KB)
Extracting: E:\boot\grub\x86_64-efi\ufs1.mod (7.7 KB)
Extracting: E:\boot\grub\x86_64-efi\ufs1_be.mod (7.8 KB)
Extracting: E:\boot\grub\x86_64-efi\ufs2.mod (7.7 KB)
Extracting: E:\boot\grub\x86_64-efi\uhci.mod (10 KB)
Extracting: E:\boot\grub\x86_64-efi\usb.mod (15.4 KB)
Extracting: E:\boot\grub\x86_64-efi\usbms.mod (10.8 KB)
Extracting: E:\boot\grub\x86_64-efi\usbserial_common.mod (3.0 KB)
Extracting: E:\boot\grub\x86_64-efi\usbserial_ftdi.mod (3.5 KB)
Extracting: E:\boot\grub\x86_64-efi\usbserial_pl2303.mod (3.8 KB)
Extracting: E:\boot\grub\x86_64-efi\usbserial_usbdebug.mod (2.5 KB)
Extracting: E:\boot\grub\x86_64-efi\usbtest.mod (5.6 KB)
Extracting: E:\boot\grub\x86_64-efi\usb_keyboard.mod (5.8 KB)
Extracting: E:\boot\grub\x86_64-efi\verifiers.mod (3.6 KB)
Extracting: E:\boot\grub\x86_64-efi\video.lst (41 bytes)
Extracting: E:\boot\grub\x86_64-efi\video.mod (8.9 KB)
Extracting: E:\boot\grub\x86_64-efi\videoinfo.mod (5.3 KB)
Extracting: E:\boot\grub\x86_64-efi\videotest.mod (5.5 KB)
Extracting: E:\boot\grub\x86_64-efi\videotest_checksum.mod (3.8 KB)
Extracting: E:\boot\grub\x86_64-efi\video_bochs.mod (8.4 KB)
Extracting: E:\boot\grub\x86_64-efi\video_cirrus.mod (9.0 KB)
Extracting: E:\boot\grub\x86_64-efi\video_colors.mod (9.9 KB)
Extracting: E:\boot\grub\x86_64-efi\video_fb.mod (27.8 KB)
Extracting: E:\boot\grub\x86_64-efi\wrmsr.mod (2.4 KB)
Extracting: E:\boot\grub\x86_64-efi\xfs.mod (10.3 KB)
Extracting: E:\boot\grub\x86_64-efi\xnu.mod (41.1 KB)
Extracting: E:\boot\grub\x86_64-efi\xnu_uuid.mod (3.3 KB)
Extracting: E:\boot\grub\x86_64-efi\xnu_uuid_test.mod (3.4 KB)
Extracting: E:\boot\grub\x86_64-efi\xzio.mod (19.4 KB)
Extracting: E:\boot\grub\x86_64-efi\zfscrypt.mod (8.4 KB)
Extracting: E:\boot\grub\x86_64-efi\zstd.mod (78.1 KB)
Extracting: E:\casper\filesystem.manifest (58.1 KB)
Extracting: E:\casper\filesystem.manifest-minimal-remove (2.8 KB)
Extracting: E:\casper\filesystem.manifest-remove (4.2 KB)
Extracting: E:\casper\filesystem.size (11 bytes)
Extracting: E:\casper\filesystem.squashfs (2 GB)
Extracting: E:\casper\filesystem.squashfs.gpg (833 bytes)
Extracting: E:\casper\initrd (94.5 MB)
Extracting: E:\casper\vmlinuz (9.7 MB)
Extracting: E:\dists\focal\main\binary-amd64\Packages.gz (32.1 KB)
Extracting: E:\dists\focal\main\binary-amd64\Release (95 bytes)
Extracting: E:\dists\focal\main\binary-i386\Packages.gz (29.8 KB)
Extracting: E:\dists\focal\main\binary-i386\Release (94 bytes)
Extracting: E:\dists\focal\Release (1.5 KB)
Extracting: E:\dists\focal\Release.gpg (833 bytes)
Extracting: E:\dists\focal\restricted\binary-amd64\Packages.gz (27.8 KB)
Extracting: E:\dists\focal\restricted\binary-amd64\Release (101 bytes)
Extracting: E:\dists\focal\restricted\binary-i386\Packages.gz (4.6 KB)
Extracting: E:\dists\focal\restricted\binary-i386\Release (100 bytes)
Extracting: E:\dists\stable (0 bytes)
  Ignoring Rock Ridge symbolic link to 'focal'
Extracting: E:\dists\unstable (0 bytes)
  Ignoring Rock Ridge symbolic link to 'focal'
Extracting: E:\EFI\BOOT\BOOTx64.EFI (1.3 MB)
Extracting: E:\EFI\BOOT\grubx64.efi (1.4 MB)
Extracting: E:\EFI\BOOT\mmx64.efi (1.2 MB)
Extracting: E:\install\mt86plus (178.4 KB)
Extracting: E:\isolinux\16x16.fnt (69.6 KB)
Extracting: E:\isolinux\aa.tr (3.2 KB)
Extracting: E:\isolinux\ab.tr (3.3 KB)
Extracting: E:\isolinux\access.pcx (3.3 KB)
Extracting: E:\isolinux\ace.tr (3.3 KB)
Extracting: E:\isolinux\adtxt.cfg (0 bytes)
Extracting: E:\isolinux\ady.tr (3.3 KB)
Extracting: E:\isolinux\af.tr (3.8 KB)
Extracting: E:\isolinux\ak.tr (3.3 KB)
Extracting: E:\isolinux\am.tr (4.7 KB)
Extracting: E:\isolinux\an.tr (3.5 KB)
Extracting: E:\isolinux\arn.tr (3.3 KB)
Extracting: E:\isolinux\ary.tr (3.3 KB)
Extracting: E:\isolinux\as.tr (6.2 KB)
Extracting: E:\isolinux\ast.hlp (7.2 KB)
Extracting: E:\isolinux\ast.tr (3.5 KB)
Extracting: E:\isolinux\ay.tr (3.3 KB)
Extracting: E:\isolinux\az.tr (3.8 KB)
Extracting: E:\isolinux\ba.tr (3.3 KB)
Extracting: E:\isolinux\back.jpg (7.3 KB)
Extracting: E:\isolinux\be.hlp (11.4 KB)
Extracting: E:\isolinux\be.tr (5.2 KB)
Extracting: E:\isolinux\bem.tr (4.5 KB)
Extracting: E:\isolinux\ber.tr (3.3 KB)
Extracting: E:\isolinux\bg.hlp (11.4 KB)
Extracting: E:\isolinux\bg.tr (5.6 KB)
Extracting: E:\isolinux\bho.tr (3.3 KB)
Extracting: E:\isolinux\blank.pcx (11.2 KB)
Extracting: E:\isolinux\bn.hlp (14.8 KB)
Extracting: E:\isolinux\boot.cat (2 KB)
Extracting: E:\isolinux\bootlogo (1.4 MB)
Extracting: E:\isolinux\br.tr (3.5 KB)
Extracting: E:\isolinux\brx.tr (3.5 KB)
Extracting: E:\isolinux\bs.hlp (6.9 KB)
Extracting: E:\isolinux\bs.tr (3.5 KB)
Extracting: E:\isolinux\byn.tr (3.3 KB)
Extracting: E:\isolinux\ca.hlp (7.9 KB)
Extracting: E:\isolinux\ca.tr (3.8 KB)
Extracting: E:\isolinux\ca@valencia.tr (3.8 KB)
Extracting: E:\isolinux\ce.tr (3.9 KB)
Extracting: E:\isolinux\ceb.tr (3.6 KB)
Extracting: E:\isolinux\chain.c32 (25.7 KB)
Extracting: E:\isolinux\chr.tr (3.3 KB)
Extracting: E:\isolinux\ckb.tr (5.5 KB)
Extracting: E:\isolinux\co.tr (3.7 KB)
Extracting: E:\isolinux\crh.tr (3.3 KB)
Extracting: E:\isolinux\cs.hlp (7.2 KB)
Extracting: E:\isolinux\cs.tr (3.8 KB)
Extracting: E:\isolinux\csb.tr (3.8 KB)
Extracting: E:\isolinux\cv.tr (3.9 KB)
Extracting: E:\isolinux\cy.tr (3.5 KB)
Extracting: E:\isolinux\da.hlp (6.7 KB)
Extracting: E:\isolinux\da.tr (3.5 KB)
Extracting: E:\isolinux\de.hlp (7.6 KB)
Extracting: E:\isolinux\de.tr (4.2 KB)
Extracting: E:\isolinux\dtmenu.cfg (1.4 KB)
Extracting: E:\isolinux\dv.tr (6.4 KB)
Extracting: E:\isolinux\ee.tr (3.3 KB)
Extracting: E:\isolinux\el.hlp (13.1 KB)
Extracting: E:\isolinux\el.tr (7.3 KB)
Extracting: E:\isolinux\en.hlp (6.4 KB)
Extracting: E:\isolinux\en.tr (3.3 KB)
Extracting: E:\isolinux\en_AU.tr (3.3 KB)
Extracting: E:\isolinux\en_CA.tr (3.3 KB)
Extracting: E:\isolinux\en_GB.tr (3.3 KB)
Extracting: E:\isolinux\eo.hlp (6.7 KB)
Extracting: E:\isolinux\eo.tr (3.4 KB)
Extracting: E:\isolinux\es.hlp (7.5 KB)
Extracting: E:\isolinux\es.tr (3.7 KB)
Extracting: E:\isolinux\es_CO.tr (3.3 KB)
Extracting: E:\isolinux\et.hlp (6.6 KB)
Extracting: E:\isolinux\et.tr (3.4 KB)
Extracting: E:\isolinux\eu.hlp (7 KB)
Extracting: E:\isolinux\eu.tr (3.4 KB)
Extracting: E:\isolinux\exithelp.cfg (53 bytes)
Extracting: E:\isolinux\f1.txt (868 bytes)
Extracting: E:\isolinux\f10.txt (723 bytes)
Extracting: E:\isolinux\f2.txt (739 bytes)
Extracting: E:\isolinux\f3.txt (782 bytes)
Extracting: E:\isolinux\f4.txt (417 bytes)
Extracting: E:\isolinux\f5.txt (806 bytes)
Extracting: E:\isolinux\f6.txt (1.2 KB)
Extracting: E:\isolinux\f7.txt (916 bytes)
Extracting: E:\isolinux\f8.txt (1 KB)
Extracting: E:\isolinux\f9.txt (765 bytes)
Extracting: E:\isolinux\fa.tr (4.9 KB)
Extracting: E:\isolinux\fa_AF.tr (3.3 KB)
Extracting: E:\isolinux\ff.tr (3.3 KB)
Extracting: E:\isolinux\fi.hlp (7.0 KB)
Extracting: E:\isolinux\fi.tr (3.5 KB)
Extracting: E:\isolinux\fil.tr (3.7 KB)
Extracting: E:\isolinux\fo.tr (3.5 KB)
Extracting: E:\isolinux\fr.hlp (7.8 KB)
Extracting: E:\isolinux\fr.tr (3.8 KB)
Extracting: E:\isolinux\frp.tr (3.7 KB)
Extracting: E:\isolinux\fr_CA.tr (3.7 KB)
Extracting: E:\isolinux\fur.tr (3.5 KB)
Extracting: E:\isolinux\fy.tr (3.6 KB)
Extracting: E:\isolinux\ga.tr (3.8 KB)
Extracting: E:\isolinux\gd.tr (3.8 KB)
Extracting: E:\isolinux\gfxboot.c32 (10.2 KB)
Extracting: E:\isolinux\gfxboot.cfg (445 bytes)
Extracting: E:\isolinux\gl.hlp (7.4 KB)
Extracting: E:\isolinux\gl.tr (3.5 KB)
Extracting: E:\isolinux\gn.tr (3.3 KB)
Extracting: E:\isolinux\guc.tr (3.3 KB)
Extracting: E:\isolinux\gv.tr (3.6 KB)
Extracting: E:\isolinux\ha.tr (3.3 KB)
Extracting: E:\isolinux\haw.tr (3.3 KB)
Extracting: E:\isolinux\he.hlp (9.2 KB)
Extracting: E:\isolinux\he.tr (5.3 KB)
Extracting: E:\isolinux\hi.hlp (0 bytes)
Extracting: E:\isolinux\him.tr (3.3 KB)
Extracting: E:\isolinux\hr.tr (3.7 KB)
Extracting: E:\isolinux\hrx.tr (3.3 KB)
Extracting: E:\isolinux\hsb.tr (3.3 KB)
Extracting: E:\isolinux\ht.tr (3.3 KB)
Extracting: E:\isolinux\hu.hlp (7.6 KB)
Extracting: E:\isolinux\hu.tr (4.6 KB)
Extracting: E:\isolinux\hy.tr (5.3 KB)
Extracting: E:\isolinux\ia.tr (3.5 KB)
Extracting: E:\isolinux\id.hlp (6.9 KB)
Extracting: E:\isolinux\id.tr (3.3 KB)
Extracting: E:\isolinux\io.tr (3.3 KB)
Extracting: E:\isolinux\is.hlp (7.3 KB)
Extracting: E:\isolinux\is.tr (3.7 KB)
Extracting: E:\isolinux\isolinux.bin (40 KB)
Extracting: E:\isolinux\isolinux.cfg (178 bytes)
Extracting: E:\isolinux\it.hlp (7.0 KB)
Extracting: E:\isolinux\it.tr (3.6 KB)
Extracting: E:\isolinux\iu.tr (3.6 KB)
Extracting: E:\isolinux\ja.hlp (9.2 KB)
Extracting: E:\isolinux\ja.tr (4.7 KB)
Extracting: E:\isolinux\jbo.tr (4.5 KB)
Extracting: E:\isolinux\jv.tr (3.3 KB)
Extracting: E:\isolinux\ka.hlp (12.1 KB)
Extracting: E:\isolinux\ka.tr (6.5 KB)
Extracting: E:\isolinux\kab.tr (3.3 KB)
Extracting: E:\isolinux\kbd.tr (3.3 KB)
Extracting: E:\isolinux\kk.hlp (12.8 KB)
Extracting: E:\isolinux\kk.tr (5.3 KB)
Extracting: E:\isolinux\kl.tr (3.9 KB)
Extracting: E:\isolinux\km.hlp (18.2 KB)
Extracting: E:\isolinux\kn.tr (7.7 KB)
Extracting: E:\isolinux\ko.hlp (8.1 KB)
Extracting: E:\isolinux\ko.tr (4.0 KB)
Extracting: E:\isolinux\krc.tr (3.3 KB)
Extracting: E:\isolinux\ku.tr (3.7 KB)
Extracting: E:\isolinux\kw.tr (3.4 KB)
Extracting: E:\isolinux\ky.tr (4.9 KB)
Extracting: E:\isolinux\la.tr (3.4 KB)
Extracting: E:\isolinux\langlist (235 bytes)
Extracting: E:\isolinux\lb.tr (3.8 KB)
Extracting: E:\isolinux\ldlinux.c32 (118.0 KB)
Extracting: E:\isolinux\lg.tr (3.3 KB)
Extracting: E:\isolinux\li.tr (3.4 KB)
Extracting: E:\isolinux\libcom32.c32 (171.9 KB)
Extracting: E:\isolinux\libutil.c32 (24.1 KB)
Extracting: E:\isolinux\lld.tr (3.6 KB)
Extracting: E:\isolinux\ln.tr (3.7 KB)
Extracting: E:\isolinux\lo.tr (7.1 KB)
Extracting: E:\isolinux\lt.hlp (7.2 KB)
Extracting: E:\isolinux\lt.tr (3.7 KB)
Extracting: E:\isolinux\ltg.tr (3.6 KB)
Extracting: E:\isolinux\luo.tr (3.3 KB)
Extracting: E:\isolinux\lv.hlp (7.7 KB)
Extracting: E:\isolinux\lv.tr (3.7 KB)
Extracting: E:\isolinux\menu.cfg (437 bytes)
Extracting: E:\isolinux\mg.tr (3.9 KB)
Extracting: E:\isolinux\mhr.tr (4.8 KB)
Extracting: E:\isolinux\mi.tr (3.4 KB)
Extracting: E:\isolinux\miq.tr (3.3 KB)
Extracting: E:\isolinux\mjw.tr (3.2 KB)
Extracting: E:\isolinux\mk.tr (4.8 KB)
Extracting: E:\isolinux\mnw.tr (5.7 KB)
Extracting: E:\isolinux\mr.tr (7.6 KB)
Extracting: E:\isolinux\ms.tr (3.4 KB)
Extracting: E:\isolinux\mt.tr (3.3 KB)
Extracting: E:\isolinux\mus.tr (4.9 KB)
Extracting: E:\isolinux\nah.tr (3.3 KB)
Extracting: E:\isolinux\nan.tr (3.5 KB)
Extracting: E:\isolinux\nap.tr (3.3 KB)
Extracting: E:\isolinux\nb.hlp (6.8 KB)
Extracting: E:\isolinux\nb.tr (3.4 KB)
Extracting: E:\isolinux\nds.tr (3.5 KB)
Extracting: E:\isolinux\nl.hlp (7.0 KB)
Extracting: E:\isolinux\nl.tr (3.7 KB)
Extracting: E:\isolinux\nn.hlp (7 KB)
Extracting: E:\isolinux\nn.tr (3.4 KB)
Extracting: E:\isolinux\nso.tr (3.4 KB)
Extracting: E:\isolinux\ny.tr (3.6 KB)
Extracting: E:\isolinux\oc.tr (3.6 KB)
Extracting: E:\isolinux\oj.tr (4.1 KB)
Extracting: E:\isolinux\om.tr (3.4 KB)
Extracting: E:\isolinux\or.tr (3.4 KB)
Extracting: E:\isolinux\os.tr (4.4 KB)
Extracting: E:\isolinux\pam.tr (3.3 KB)
Extracting: E:\isolinux\pap.tr (3.5 KB)
Extracting: E:\isolinux\pl.hlp (7.4 KB)
Extracting: E:\isolinux\pl.tr (3.8 KB)
Extracting: E:\isolinux\pmy.tr (3.2 KB)
Extracting: E:\isolinux\prompt.cfg (175 bytes)
Extracting: E:\isolinux\ps.tr (3.3 KB)
Extracting: E:\isolinux\pt.hlp (7.4 KB)
Extracting: E:\isolinux\pt.tr (3.6 KB)
Extracting: E:\isolinux\pt_BR.hlp (7.3 KB)
Extracting: E:\isolinux\pt_BR.tr (3.7 KB)
Extracting: E:\isolinux\pt_PT.tr (3.4 KB)
Extracting: E:\isolinux\qu.tr (3.3 KB)
Extracting: E:\isolinux\ro.hlp (8.4 KB)
Extracting: E:\isolinux\ro.tr (3.8 KB)
Extracting: E:\isolinux\rom.tr (3.3 KB)
Extracting: E:\isolinux\rqtxt.cfg (135 bytes)
Extracting: E:\isolinux\ru.hlp (11.8 KB)
Extracting: E:\isolinux\ru.tr (6.9 KB)
Extracting: E:\isolinux\rw.tr (3.3 KB)
Extracting: E:\isolinux\sa.tr (3.9 KB)
Extracting: E:\isolinux\sc.tr (3.6 KB)
Extracting: E:\isolinux\sco.tr (3.3 KB)
Extracting: E:\isolinux\sd.tr (4.8 KB)
Extracting: E:\isolinux\se.tr (3.4 KB)
Extracting: E:\isolinux\shn.tr (7.9 KB)
Extracting: E:\isolinux\si.hlp (13.7 KB)
Extracting: E:\isolinux\si.tr (7.5 KB)
Extracting: E:\isolinux\sk.hlp (7.4 KB)
Extracting: E:\isolinux\sk.tr (3.9 KB)
Extracting: E:\isolinux\sl.hlp (6.8 KB)
Extracting: E:\isolinux\sl.tr (3.5 KB)
Extracting: E:\isolinux\sm.tr (3.3 KB)
Extracting: E:\isolinux\sml.tr (3.3 KB)
Extracting: E:\isolinux\sn.tr (3.5 KB)
Extracting: E:\isolinux\so.tr (3.4 KB)
Extracting: E:\isolinux\splash.pcx (13.8 KB)
Extracting: E:\isolinux\splash.png (16.9 KB)
Extracting: E:\isolinux\sq.hlp (7.8 KB)
Extracting: E:\isolinux\sq.tr (3.6 KB)
Extracting: E:\isolinux\sr.hlp (11.4 KB)
Extracting: E:\isolinux\sr.tr (5.5 KB)
Extracting: E:\isolinux\sr@ijekavianlatin.tr (3.3 KB)
Extracting: E:\isolinux\sr@latin.tr (4.0 KB)
Extracting: E:\isolinux\st.tr (3.3 KB)
Extracting: E:\isolinux\stdmenu.cfg (508 bytes)
Extracting: E:\isolinux\su.tr (3.3 KB)
Extracting: E:\isolinux\sv.hlp (7.1 KB)
Extracting: E:\isolinux\sv.tr (3.5 KB)
Extracting: E:\isolinux\sw.tr (3.4 KB)
Extracting: E:\isolinux\szl.tr (3.4 KB)
Extracting: E:\isolinux\ta_LK.tr (6.6 KB)
Extracting: E:\isolinux\te.tr (7.9 KB)
Extracting: E:\isolinux\tet.tr (3.3 KB)
Extracting: E:\isolinux\tg.tr (5.2 KB)
Extracting: E:\isolinux\th.hlp (12.8 KB)
Extracting: E:\isolinux\ti.tr (3.3 KB)
Extracting: E:\isolinux\tk.tr (3.3 KB)
Extracting: E:\isolinux\tl.tr (3.3 KB)
Extracting: E:\isolinux\tlh.tr (3.2 KB)
Extracting: E:\isolinux\tr.hlp (7.6 KB)
Extracting: E:\isolinux\tr.tr (3.6 KB)
Extracting: E:\isolinux\ts.tr (3.7 KB)
Extracting: E:\isolinux\tt.tr (5.3 KB)
Extracting: E:\isolinux\txt.cfg (876 bytes)
Extracting: E:\isolinux\ty.tr (3.3 KB)
Extracting: E:\isolinux\udm.tr (3.3 KB)
Extracting: E:\isolinux\ug.hlp (11.6 KB)
Extracting: E:\isolinux\uk.hlp (11.5 KB)
Extracting: E:\isolinux\uk.tr (6.5 KB)
Extracting: E:\isolinux\ur.tr (5.3 KB)
Extracting: E:\isolinux\uz.tr (4.0 KB)
Extracting: E:\isolinux\vec.tr (3.5 KB)
Extracting: E:\isolinux\vesamenu.c32 (27.5 KB)
Extracting: E:\isolinux\vi.hlp (9.5 KB)
Extracting: E:\isolinux\vi.tr (4.2 KB)
Extracting: E:\isolinux\wa.tr (3.4 KB)
Extracting: E:\isolinux\wae.tr (3.7 KB)
Extracting: E:\isolinux\wo.tr (3.3 KB)
Extracting: E:\isolinux\xh.tr (3.4 KB)
Extracting: E:\isolinux\yi.tr (3.3 KB)
Extracting: E:\isolinux\yo.tr (3.3 KB)
Extracting: E:\isolinux\zh_CN.hlp (6.1 KB)
Extracting: E:\isolinux\zh_CN.tr (3.4 KB)
Extracting: E:\isolinux\zh_HK.tr (3.6 KB)
Extracting: E:\isolinux\zh_TW.hlp (6.1 KB)
Extracting: E:\isolinux\zh_TW.tr (3.6 KB)
Extracting: E:\isolinux\zu.tr (3.3 KB)
Extracting: E:\isolinux\zza.tr (3.3 KB)
Extracting: E:\md5sum.txt (52.2 KB)
Extracting: E:\pool\main\b\b43-fwcutter\b43-fwcutter_019-4_amd64.deb (25.1 KB)
Extracting: E:\pool\main\b\binutils\binutils_2.34-6ubuntu1.1_amd64.deb (3.3 KB)
Extracting: E:\pool\main\b\binutils\binutils-common_2.34-6ubuntu1.1_amd64.deb (202.0 KB)
Extracting: E:\pool\main\b\binutils\binutils-x86-64-linux-gnu_2.34-6ubuntu1.1_amd64.deb (1.5 MB)
Extracting: E:\pool\main\b\binutils\libbinutils_2.34-6ubuntu1.1_amd64.deb (464 KB)
Extracting: E:\pool\main\b\binutils\libctf0_2.34-6ubuntu1.1_amd64.deb (45.6 KB)
Extracting: E:\pool\main\b\binutils\libctf-nobfd0_2.34-6ubuntu1.1_amd64.deb (46 KB)
Extracting: E:\pool\main\b\build-essential\build-essential_12.8ubuntu1.1_amd64.deb (4.6 KB)
Extracting: E:\pool\main\d\dkms\dkms_2.8.1-5ubuntu2_all.deb (65.2 KB)
Extracting: E:\pool\main\d\dpkg\dpkg-dev_1.19.7ubuntu3_all.deb (663.1 KB)
Extracting: E:\pool\main\e\efibootmgr\efibootmgr_17-1_amd64.deb (27.5 KB)
Extracting: E:\pool\main\e\elfutils\libelf1_0.176-1.1build1_i386.deb (49.4 KB)
Extracting: E:\pool\main\e\expat\libexpat1_2.2.9-1build1_i386.deb (72.1 KB)
Extracting: E:\pool\main\f\fakeroot\fakeroot_1.24-1_amd64.deb (61.2 KB)
Extracting: E:\pool\main\f\fakeroot\libfakeroot_1.24-1_amd64.deb (25.1 KB)
Extracting: E:\pool\main\g\gcc-10\gcc-10-base_10.3.0-1ubuntu1~20.04_i386.deb (19.7 KB)
Extracting: E:\pool\main\g\gcc-10\libatomic1_10.3.0-1ubuntu1~20.04_amd64.deb (9.1 KB)
Extracting: E:\pool\main\g\gcc-10\libatomic1_10.3.0-1ubuntu1~20.04_i386.deb (9.6 KB)
Extracting: E:\pool\main\g\gcc-10\libgcc-s1_10.3.0-1ubuntu1~20.04_i386.deb (48.3 KB)
Extracting: E:\pool\main\g\gcc-10\libitm1_10.3.0-1ubuntu1~20.04_amd64.deb (25.6 KB)
Extracting: E:\pool\main\g\gcc-10\liblsan0_10.3.0-1ubuntu1~20.04_amd64.deb (815.1 KB)
Extracting: E:\pool\main\g\gcc-10\libquadmath0_10.3.0-1ubuntu1~20.04_amd64.deb (142.6 KB)
Extracting: E:\pool\main\g\gcc-10\libstdc++6_10.3.0-1ubuntu1~20.04_i386.deb (528.1 KB)
Extracting: E:\pool\main\g\gcc-10\libtsan0_10.3.0-1ubuntu1~20.04_amd64.deb (1.9 MB)
Extracting: E:\pool\main\g\gcc-10\libubsan1_10.3.0-1ubuntu1~20.04_amd64.deb (765.7 KB)
Extracting: E:\pool\main\g\gcc-9\gcc-9_9.3.0-17ubuntu1~20.04_amd64.deb (7.9 MB)
Extracting: E:\pool\main\g\gcc-9\g++-9_9.3.0-17ubuntu1~20.04_amd64.deb (8 MB)
Extracting: E:\pool\main\g\gcc-9\libasan5_9.3.0-17ubuntu1~20.04_amd64.deb (385.2 KB)
Extracting: E:\pool\main\g\gcc-9\libgcc-9-dev_9.3.0-17ubuntu1~20.04_amd64.deb (2.3 MB)
Extracting: E:\pool\main\g\gcc-9\libstdc++-9-dev_9.3.0-17ubuntu1~20.04_amd64.deb (1.6 MB)
Extracting: E:\pool\main\g\gcc-defaults\gcc_9.3.0-1ubuntu2_amd64.deb (5.1 KB)
Extracting: E:\pool\main\g\gcc-defaults\g++_9.3.0-1ubuntu2_amd64.deb (1.6 KB)
Extracting: E:\pool\main\g\glibc\libc6_2.31-0ubuntu9.2_i386.deb (2.5 MB)
Extracting: E:\pool\main\g\glibc\libc6-dev_2.31-0ubuntu9.2_amd64.deb (2.4 MB)
Extracting: E:\pool\main\g\glibc\libc-dev-bin_2.31-0ubuntu9.2_amd64.deb (70.1 KB)
Extracting: E:\pool\main\g\grub2\grub-efi_2.04-1ubuntu26.13_amd64.deb (2.5 KB)
Extracting: E:\pool\main\g\grub2-signed\grub-efi-amd64-signed_1.167.2+2.04-1ubuntu44.2_amd64.deb (471.1 KB)
Extracting: E:\pool\main\g\grub2-unsigned\grub-efi-amd64_2.04-1ubuntu44.2_amd64.deb (45.8 KB)
Extracting: E:\pool\main\g\grub2-unsigned\grub-efi-amd64-bin_2.04-1ubuntu44.2_amd64.deb (711.8 KB)
Extracting: E:\pool\main\l\linux\linux-libc-dev_5.4.0-81.91_amd64.deb (1.1 MB)
Extracting: E:\pool\main\l\linux-hwe-5.11\linux-modules-5.11.0-27-generic_5.11.0-27.29~20.04.1_amd64.deb (15.1 MB)
Extracting: E:\pool\main\l\linux-meta-oem-5.10\linux-headers-oem-20.04b_5.10.0.1044.46_amd64.deb (2.4 KB)
Extracting: E:\pool\main\l\linux-meta-oem-5.10\linux-image-oem-20.04b_5.10.0.1044.46_amd64.deb (2.4 KB)
Extracting: E:\pool\main\l\linux-meta-oem-5.10\linux-oem-20.04b_5.10.0.1044.46_amd64.deb (1.9 KB)
Extracting: E:\pool\main\l\linux-meta-oem-5.10\linux-oem-20.04_5.10.0.1044.46_amd64.deb (1.8 KB)
Extracting: E:\pool\main\l\linux-oem-5.10\linux-headers-5.10.0-1044-oem_5.10.0-1044.46_amd64.deb (1.4 MB)
Extracting: E:\pool\main\l\linux-oem-5.10\linux-modules-5.10.0-1044-oem_5.10.0-1044.46_amd64.deb (54.8 MB)
Extracting: E:\pool\main\l\linux-oem-5.10\linux-oem-5.10-headers-5.10.0-1044_5.10.0-1044.46_all.deb (11.0 MB)
Extracting: E:\pool\main\l\linux-oem-5.6\linux-modules-5.6.0-1056-oem_5.6.0-1056.60_amd64.deb (52.3 MB)
Extracting: E:\pool\main\l\linux-signed-hwe-5.11\linux-image-5.11.0-27-generic_5.11.0-27.29~20.04.1_amd64.deb (9.4 MB)
Extracting: E:\pool\main\l\linux-signed-oem-5.10\linux-image-5.10.0-1044-oem_5.10.0-1044.46_amd64.deb (9.2 MB)
Extracting: E:\pool\main\l\linux-signed-oem-5.6\linux-image-5.6.0-1056-oem_5.6.0-1056.60_amd64.deb (8.7 MB)
Extracting: E:\pool\main\l\llvm-toolchain-9\libllvm9_9.0.1-12_i386.deb (14.2 MB)
Extracting: E:\pool\main\l\lm-sensors\libsensors5_3.6.0-2ubuntu1_i386.deb (27.5 KB)
Extracting: E:\pool\main\l\lupin\lupin-support_0.57build1_amd64.deb (13.7 KB)
Extracting: E:\pool\main\liba\libalgorithm-diff-perl\libalgorithm-diff-perl_1.19.03-2_all.deb (45.5 KB)
Extracting: E:\pool\main\liba\libalgorithm-diff-xs-perl\libalgorithm-diff-xs-perl_0.04-6_amd64.deb (11.1 KB)
Extracting: E:\pool\main\liba\libalgorithm-merge-perl\libalgorithm-merge-perl_0.08-3_all.deb (11.7 KB)
Extracting: E:\pool\main\libb\libbsd\libbsd0_0.10.0-1_i386.deb (48.6 KB)
Extracting: E:\pool\main\libd\libdrm\libdrm2_2.4.105-3~20.04.1_i386.deb (34.7 KB)
Extracting: E:\pool\main\libd\libdrm\libdrm-amdgpu1_2.4.105-3~20.04.1_i386.deb (21.0 KB)
Extracting: E:\pool\main\libd\libdrm\libdrm-intel1_2.4.105-3~20.04.1_i386.deb (62.2 KB)
Extracting: E:\pool\main\libd\libdrm\libdrm-nouveau2_2.4.105-3~20.04.1_i386.deb (17.6 KB)
Extracting: E:\pool\main\libd\libdrm\libdrm-radeon1_2.4.105-3~20.04.1_i386.deb (20.7 KB)
Extracting: E:\pool\main\libe\libedit\libedit2_3.1-20191231-1_i386.deb (88.8 KB)
Extracting: E:\pool\main\libf\libffi\libffi7_3.3-4_i386.deb (17.5 KB)
Extracting: E:\pool\main\libg\libglvnd\libgl1_1.3.2-1~ubuntu0.20.04.1_i386.deb (78.1 KB)
Extracting: E:\pool\main\libg\libglvnd\libglvnd0_1.3.2-1~ubuntu0.20.04.1_i386.deb (44.5 KB)
Extracting: E:\pool\main\libg\libglvnd\libglx0_1.3.2-1~ubuntu0.20.04.1_i386.deb (35.8 KB)
Extracting: E:\pool\main\libi\libidn2\libidn2-0_2.2.0-2_i386.deb (50.2 KB)
Extracting: E:\pool\main\libp\libpciaccess\libpciaccess0_0.16-0ubuntu1_i386.deb (19.6 KB)
Extracting: E:\pool\main\libu\libunistring\libunistring2_0.9.10-2_i386.deb (368.3 KB)
Extracting: E:\pool\main\libv\libvdpau\libvdpau1_1.3-1ubuntu2_amd64.deb (25 KB)
Extracting: E:\pool\main\libv\libvdpau\vdpau-driver-all_1.3-1ubuntu2_amd64.deb (4.5 KB)
Extracting: E:\pool\main\libx\libx11\libx11-6_1.6.9-2ubuntu1.2_i386.deb (585.1 KB)
Extracting: E:\pool\main\libx\libx11\libx11-xcb1_1.6.9-2ubuntu1.2_i386.deb (9.2 KB)
Extracting: E:\pool\main\libx\libxau\libxau6_1.0.9-0ubuntu1_i386.deb (7.6 KB)
Extracting: E:\pool\main\libx\libxcb\libxcb1_1.14-2_i386.deb (48 KB)
Extracting: E:\pool\main\libx\libxcb\libxcb-dri2-0_1.14-2_i386.deb (7.1 KB)
Extracting: E:\pool\main\libx\libxcb\libxcb-dri3-0_1.14-2_i386.deb (6.9 KB)
Extracting: E:\pool\main\libx\libxcb\libxcb-glx0_1.14-2_i386.deb (23.2 KB)
Extracting: E:\pool\main\libx\libxcb\libxcb-present0_1.14-2_i386.deb (5.6 KB)
Extracting: E:\pool\main\libx\libxcb\libxcb-randr0_1.14-2_i386.deb (17.6 KB)
Extracting: E:\pool\main\libx\libxcb\libxcb-sync1_1.14-2_i386.deb (9.1 KB)
Extracting: E:\pool\main\libx\libxcrypt\libcrypt1_4.4.10-10ubuntu4_i386.deb (88.8 KB)
Extracting: E:\pool\main\libx\libxcrypt\libcrypt-dev_4.4.10-10ubuntu4_amd64.deb (101.7 KB)
Extracting: E:\pool\main\libx\libxdamage\libxdamage1_1.1.5-2_i386.deb (7 KB)
Extracting: E:\pool\main\libx\libxdmcp\libxdmcp6_1.1.3-0ubuntu1_i386.deb (10.8 KB)
Extracting: E:\pool\main\libx\libxext\libxext6_1.3.4-0ubuntu1_i386.deb (30.7 KB)
Extracting: E:\pool\main\libx\libxfixes\libxfixes3_5.0.3-2_i386.deb (11.2 KB)
Extracting: E:\pool\main\libx\libxshmfence\libxshmfence1_1.3-1_i386.deb (5.1 KB)
Extracting: E:\pool\main\libx\libxxf86vm\libxxf86vm1_1.1.4-1build1_i386.deb (10.7 KB)
Extracting: E:\pool\main\libz\libzstd\libzstd1_1.4.4+dfsg-3ubuntu0.1_i386.deb (232.6 KB)
Extracting: E:\pool\main\m\make-dfsg\make_4.2.1-1.2_amd64.deb (158.5 KB)
Extracting: E:\pool\main\m\manpages\manpages-dev_5.05-1_all.deb (2.2 MB)
Extracting: E:\pool\main\m\mesa\libgl1-mesa-dri_21.0.3-0ubuntu0.3~20.04.1_i386.deb (10.4 MB)
Extracting: E:\pool\main\m\mesa\libglapi-mesa_21.0.3-0ubuntu0.3~20.04.1_i386.deb (26.3 KB)
Extracting: E:\pool\main\m\mesa\libglx-mesa0_21.0.3-0ubuntu0.3~20.04.1_i386.deb (142.4 KB)
Extracting: E:\pool\main\m\mesa\mesa-vdpau-drivers_21.0.3-0ubuntu0.3~20.04.1_amd64.deb (2.8 MB)
Extracting: E:\pool\main\m\mesa\mesa-vulkan-drivers_21.0.3-0ubuntu0.3~20.04.1_i386.deb (4.8 MB)
Extracting: E:\pool\main\m\mouseemu\mouseemu_0.16-0ubuntu10_amd64.deb (16.2 KB)
Extracting: E:\pool\main\n\ncurses\libtinfo6_6.2-0ubuntu2_i386.deb (85.9 KB)
Extracting: E:\pool\main\n\nvidia-prime\nvidia-prime_0.8.16~0.20.04.1_all.deb (9.2 KB)
Extracting: E:\pool\main\n\nvidia-settings\libxnvctrl0_470.57.01-0ubuntu0.20.04.1_amd64.deb (10.8 KB)
Extracting: E:\pool\main\n\nvidia-settings\nvidia-settings_470.57.01-0ubuntu0.20.04.1_amd64.deb (865.0 KB)
Extracting: E:\pool\main\o\oem-qemu-meta\oem-qemu-meta_20.04~ubuntu3_all.deb (2 KB)
Extracting: E:\pool\main\o\oem-somerville-beric-icl-meta\oem-somerville-beric-icl-meta_20.04~ubuntu1_all.deb (2 KB)
Extracting: E:\pool\main\o\oem-somerville-bronn-meta\oem-somerville-bronn-meta_20.04~ubuntu1_all.deb (2 KB)
Extracting: E:\pool\main\o\oem-somerville-bulbasaur-meta\oem-somerville-bulbasaur-meta_20.04~ubuntu1_all.deb (2 KB)
Extracting: E:\pool\main\o\oem-somerville-caterpie-meta\oem-somerville-caterpie-meta_20.04~ubuntu1_all.deb (2 KB)
Extracting: E:\pool\main\o\oem-somerville-gendry-meta\oem-somerville-gendry-meta_20.04~ubuntu1_all.deb (2 KB)
Extracting: E:\pool\main\o\oem-somerville-meera-tgl-meta\oem-somerville-meera-tgl-meta_20.04~ubuntu1_all.deb (2 KB)
Extracting: E:\pool\main\o\oem-somerville-melisa-meta\oem-somerville-melisa-meta_20.04~ubuntu3_all.deb (2.2 KB)
Extracting: E:\pool\main\o\oem-somerville-octillery-meta\oem-somerville-octillery-meta_20.04~ubuntu1_all.deb (2 KB)
Extracting: E:\pool\main\o\oem-somerville-samwell-tgl-meta\oem-somerville-samwell-tgl-meta_20.04~ubuntu1_all.deb (2 KB)
Extracting: E:\pool\main\o\oem-somerville-sanbernardino-meta\oem-somerville-sanbernardino-meta_20.04~ubuntu1_all.deb (2.1 KB)
Extracting: E:\pool\main\o\oem-somerville-squirtle-meta\oem-somerville-squirtle-meta_20.04~ubuntu1_all.deb (2 KB)
Extracting: E:\pool\main\o\oem-somerville-three-eyed-raven-meta\oem-somerville-three-eyed-raven-meta_20.04~ubuntu2_all.deb (2.1 KB)
Extracting: E:\pool\main\o\oem-somerville-warcraft-intel-meta\oem-somerville-warcraft-intel-meta_20.04~ubuntu1_all.deb (2.1 KB)
Extracting: E:\pool\main\o\oem-stella.cmit-butterfree-meta\oem-stella.cmit-butterfree-meta_20.04~ubuntu1_all.deb (2 KB)
Extracting: E:\pool\main\o\oem-stella.cmit-charizard-meta\oem-stella.cmit-charizard-meta_20.04~ubuntu1_all.deb (2 KB)
Extracting: E:\pool\main\o\oem-stella.cmit-eevee-meta\oem-stella.cmit-eevee-meta_20.04~ubuntu1_all.deb (2 KB)
Extracting: E:\pool\main\o\oem-stella.cmit-ivysaur-meta\oem-stella.cmit-ivysaur-meta_20.04~ubuntu1_all.deb (2 KB)
Extracting: E:\pool\main\o\oem-stella.cmit-meowth-meta\oem-stella.cmit-meowth-meta_20.04~ubuntu1_all.deb (2 KB)
Extracting: E:\pool\main\o\oem-stella.cmit-pinsir-meta\oem-stella.cmit-pinsir-meta_20.04~ubuntu1_all.deb (2 KB)
Extracting: E:\pool\main\o\oem-stella.cmit-rhyhorn-meta\oem-stella.cmit-rhyhorn-meta_20.04~ubuntu1_all.deb (2 KB)
Extracting: E:\pool\main\o\oem-stella.cmit-staryu-meta\oem-stella.cmit-staryu-meta_20.04~ubuntu1_all.deb (2 KB)
Extracting: E:\pool\main\o\oem-sutton.bachman-baker-meta\oem-sutton.bachman-baker-meta_20.04~ubuntu1_all.deb (2 KB)
Extracting: E:\pool\main\o\oem-sutton.bachman-baldhere-meta\oem-sutton.bachman-baldhere-meta_20.04~ubuntu1_all.deb (2 KB)
Extracting: E:\pool\main\o\oem-sutton.bachman-bale-meta\oem-sutton.bachman-bale-meta_20.04~ubuntu1_all.deb (2 KB)
Extracting: E:\pool\main\o\oem-sutton.bachman-banaing-meta\oem-sutton.bachman-banaing-meta_20.04~ubuntu1_all.deb (2 KB)
Extracting: E:\pool\main\o\oem-sutton.bachman-banner-meta\oem-sutton.bachman-banner-meta_20.04~ubuntu1_all.deb (2 KB)
Extracting: E:\pool\main\o\oem-sutton.newell-ace-meta\oem-sutton.newell-ace-meta_20.04~ubuntu1_all.deb (2.0 KB)
Extracting: E:\pool\main\o\oem-sutton.newell-adalbrechta-meta\oem-sutton.newell-adalbrechta-meta_20.04~ubuntu1_all.deb (2 KB)
Extracting: E:\pool\main\o\oem-sutton.newell-adam-meta\oem-sutton.newell-adam-meta_20.04~ubuntu1_all.deb (2 KB)
Extracting: E:\pool\main\o\oem-sutton.newell-adkins-meta\oem-sutton.newell-adkins-meta_20.04~ubuntu1_all.deb (2 KB)
Extracting: E:\pool\main\o\oem-sutton.newell-adrian-meta\oem-sutton.newell-adrian-meta_20.04~ubuntu1_all.deb (2 KB)
Extracting: E:\pool\main\o\oem-sutton.newell-adrion-meta\oem-sutton.newell-adrion-meta_20.04~ubuntu1_all.deb (2 KB)
Extracting: E:\pool\main\o\oem-sutton.newell-aekerley-meta\oem-sutton.newell-aekerley-meta_20.04~ubuntu1_all.deb (2 KB)
Extracting: E:\pool\main\o\oem-sutton.newell-aelfwine-meta\oem-sutton.newell-aelfwine-meta_20.04~ubuntu1_all.deb (2 KB)
Extracting: E:\pool\main\o\oem-sutton.newell-aenedleah-meta\oem-sutton.newell-aenedleah-meta_20.04~ubuntu1_all.deb (2 KB)
Extracting: E:\pool\main\o\oem-sutton.newell-cadby-meta\oem-sutton.newell-cadby-meta_20.04~ubuntu1_all.deb (2 KB)
Extracting: E:\pool\main\o\oem-sutton.newell-cadee-meta\oem-sutton.newell-cadee-meta_20.04~ubuntu1_all.deb (2 KB)
Extracting: E:\pool\main\o\oem-sutton.newell-cadence-meta\oem-sutton.newell-cadence-meta_20.04~ubuntu1_all.deb (2 KB)
Extracting: E:\pool\main\o\oem-sutton.newell-cade-meta\oem-sutton.newell-cade-meta_20.04~ubuntu1_all.deb (2 KB)
Extracting: E:\pool\main\o\oem-sutton.newell-cadyna-meta\oem-sutton.newell-cadyna-meta_20.04~ubuntu1_all.deb (2 KB)
Extracting: E:\pool\main\o\oem-sutton.newell-cameo-meta\oem-sutton.newell-cameo-meta_20.04~ubuntu1_all.deb (2 KB)
Extracting: E:\pool\main\o\oem-sutton.newell-candice-meta\oem-sutton.newell-candice-meta_20.04~ubuntu1_all.deb (2 KB)
Extracting: E:\pool\main\o\oem-sutton.newell-canyon-meta\oem-sutton.newell-canyon-meta_20.04~ubuntu1_all.deb (2 KB)
Extracting: E:\pool\main\o\oem-sutton.newell-caralyn-meta\oem-sutton.newell-caralyn-meta_20.04~ubuntu1_all.deb (2 KB)
Extracting: E:\pool\main\o\oem-sutton.newell-cara-meta\oem-sutton.newell-cara-meta_20.04~ubuntu1_all.deb (2 KB)
Extracting: E:\pool\main\o\oem-sutton.newell-carin-meta\oem-sutton.newell-carin-meta_20.04~ubuntu1_all.deb (2 KB)
Extracting: E:\pool\main\o\oem-sutton.simon-addison-meta\oem-sutton.simon-addison-meta_20.04~ubuntu1_all.deb (2 KB)
Extracting: E:\pool\main\o\oem-sutton.simon-adken-meta\oem-sutton.simon-adken-meta_20.04~ubuntu1_all.deb (2 KB)
Extracting: E:\pool\main\o\oem-sutton.simon-aenescumb-meta\oem-sutton.simon-aenescumb-meta_20.04~ubuntu1_all.deb (2 KB)
Extracting: E:\pool\main\o\oem-sutton.simon-bailee-meta\oem-sutton.simon-bailee-meta_20.04~ubuntu1_all.deb (2 KB)
Extracting: E:\pool\main\o\oem-sutton.simon-baird-meta\oem-sutton.simon-baird-meta_20.04~ubuntu1_all.deb (2 KB)
Extracting: E:\pool\main\o\oem-sutton.simon-banning-meta\oem-sutton.simon-banning-meta_20.04~ubuntu1_all.deb (2 KB)
Extracting: E:\pool\main\o\oem-sutton.simon-barbara-meta\oem-sutton.simon-barbara-meta_20.04~ubuntu1_all.deb (2 KB)
Extracting: E:\pool\main\o\oem-sutton.simon-cabernet-meta\oem-sutton.simon-cabernet-meta_20.04~ubuntu1_all.deb (2 KB)
Extracting: E:\pool\main\o\oem-sutton.simon-camellia-meta\oem-sutton.simon-camellia-meta_20.04~ubuntu1_all.deb (2 KB)
Extracting: E:\pool\main\o\oem-sutton.simon-camille-meta\oem-sutton.simon-camille-meta_20.04~ubuntu1_all.deb (2 KB)
Extracting: E:\pool\main\s\screen-resolution-extra\screen-resolution-extra_0.18build1_all.deb (4.4 KB)
Extracting: E:\pool\main\s\setserial\setserial_2.17-52_amd64.deb (35.1 KB)
Extracting: E:\pool\main\s\shim-signed\shim-signed_1.40.7+15.4-0ubuntu9_amd64.deb (437.3 KB)
Extracting: E:\pool\main\u\ubiquity\oem-config_20.04.15.17_all.deb (13.6 KB)
Extracting: E:\pool\main\u\ubiquity\oem-config-gtk_20.04.15.17_all.deb (4.2 KB)
Extracting: E:\pool\main\u\ubiquity-slideshow-ubuntu\oem-config-slideshow-ubuntu_160_all.deb (1.2 MB)
Extracting: E:\pool\main\u\ubuntu-keyring\ubuntu-oem-keyring_2020.02.11.4_all.deb (4.8 KB)
Extracting: E:\pool\main\u\user-setup\user-setup_1.63ubuntu6_all.deb (134.5 KB)
Extracting: E:\pool\main\v\vulkan-loader\libvulkan1_1.2.131.2-1_i386.deb (98.5 KB)
Extracting: E:\pool\main\w\wayland\libwayland-client0_1.18.0-1_i386.deb (23.7 KB)
Extracting: E:\pool\main\z\zlib\zlib1g_1.2.11.dfsg-2ubuntu1.2_i386.deb (55.1 KB)
Extracting: E:\pool\restricted\b\bcmwl\bcmwl-kernel-source_6.30.223.271+bdcom-0ubuntu7~20.04.3_amd64.deb (1.5 MB)
Extracting: E:\pool\restricted\l\linux-restricted-modules-hwe-5.11\linux-modules-nvidia-390-5.11.0-27-generic_5.11.0-27.29~20.04.1_amd64.deb (7.0 KB)
Extracting: E:\pool\restricted\l\linux-restricted-modules-hwe-5.11\linux-modules-nvidia-390-generic-hwe-20.04-edge_5.11.0-27.29~20.04.1_amd64.deb (5.4 KB)
Extracting: E:\pool\restricted\l\linux-restricted-modules-hwe-5.11\linux-modules-nvidia-390-generic-hwe-20.04_5.11.0-27.29~20.04.1_amd64.deb (5.4 KB)
Extracting: E:\pool\restricted\l\linux-restricted-modules-hwe-5.11\linux-modules-nvidia-435-generic-hwe-20.04-edge_5.11.0-27.29~20.04.1_amd64.deb (5.3 KB)
Extracting: E:\pool\restricted\l\linux-restricted-modules-hwe-5.11\linux-modules-nvidia-435-generic-hwe-20.04_5.11.0-27.29~20.04.1_amd64.deb (5.3 KB)
Extracting: E:\pool\restricted\l\linux-restricted-modules-hwe-5.11\linux-modules-nvidia-440-generic-hwe-20.04-edge_5.11.0-27.29~20.04.1_amd64.deb (5.3 KB)
Extracting: E:\pool\restricted\l\linux-restricted-modules-hwe-5.11\linux-modules-nvidia-440-generic-hwe-20.04_5.11.0-27.29~20.04.1_amd64.deb (5.3 KB)
Extracting: E:\pool\restricted\l\linux-restricted-modules-hwe-5.11\linux-modules-nvidia-450-generic-hwe-20.04-edge_5.11.0-27.29~20.04.1_amd64.deb (5.3 KB)
Extracting: E:\pool\restricted\l\linux-restricted-modules-hwe-5.11\linux-modules-nvidia-450-generic-hwe-20.04_5.11.0-27.29~20.04.1_amd64.deb (5.3 KB)
Extracting: E:\pool\restricted\l\linux-restricted-modules-hwe-5.11\linux-modules-nvidia-455-generic-hwe-20.04-edge_5.11.0-27.29~20.04.1_amd64.deb (5.3 KB)
Extracting: E:\pool\restricted\l\linux-restricted-modules-hwe-5.11\linux-modules-nvidia-455-generic-hwe-20.04_5.11.0-27.29~20.04.1_amd64.deb (5.3 KB)
Extracting: E:\pool\restricted\l\linux-restricted-modules-hwe-5.11\linux-modules-nvidia-460-5.11.0-27-generic_5.11.0-27.29~20.04.1_amd64.deb (7.0 KB)
Extracting: E:\pool\restricted\l\linux-restricted-modules-hwe-5.11\linux-modules-nvidia-460-generic-hwe-20.04-edge_5.11.0-27.29~20.04.1_amd64.deb (5.4 KB)
Extracting: E:\pool\restricted\l\linux-restricted-modules-hwe-5.11\linux-modules-nvidia-460-generic-hwe-20.04_5.11.0-27.29~20.04.1_amd64.deb (5.4 KB)
Extracting: E:\pool\restricted\l\linux-restricted-modules-hwe-5.11\linux-modules-nvidia-465-generic-hwe-20.04-edge_5.11.0-27.29~20.04.1_amd64.deb (5.3 KB)
Extracting: E:\pool\restricted\l\linux-restricted-modules-hwe-5.11\linux-modules-nvidia-465-generic-hwe-20.04_5.11.0-27.29~20.04.1_amd64.deb (5.3 KB)
Extracting: E:\pool\restricted\l\linux-restricted-modules-hwe-5.11\linux-modules-nvidia-470-5.11.0-27-generic_5.11.0-27.29~20.04.1_amd64.deb (7.0 KB)
Extracting: E:\pool\restricted\l\linux-restricted-modules-hwe-5.11\linux-modules-nvidia-470-generic-hwe-20.04-edge_5.11.0-27.29~20.04.1_amd64.deb (5.4 KB)
Extracting: E:\pool\restricted\l\linux-restricted-modules-hwe-5.11\linux-modules-nvidia-470-generic-hwe-20.04_5.11.0-27.29~20.04.1_amd64.deb (5.4 KB)
Extracting: E:\pool\restricted\l\linux-restricted-modules-hwe-5.11\linux-objects-nvidia-390-5.11.0-27-generic_5.11.0-27.29~20.04.1_amd64.deb (9.8 MB)
Extracting: E:\pool\restricted\l\linux-restricted-modules-hwe-5.11\linux-objects-nvidia-460-5.11.0-27-generic_5.11.0-27.29~20.04.1_amd64.deb (24.3 MB)
Extracting: E:\pool\restricted\l\linux-restricted-modules-hwe-5.11\linux-objects-nvidia-470-5.11.0-27-generic_5.11.0-27.29~20.04.1_amd64.deb (24.8 MB)
Extracting: E:\pool\restricted\l\linux-restricted-modules-oem-5.6\linux-modules-nvidia-440-oem-20.04_5.6.0-1056.60_amd64.deb (5.3 KB)
Extracting: E:\pool\restricted\l\linux-restricted-modules-oem-5.6\linux-modules-nvidia-450-5.6.0-1056-oem_5.6.0-1056.60_amd64.deb (6.9 KB)
Extracting: E:\pool\restricted\l\linux-restricted-modules-oem-5.6\linux-modules-nvidia-450-oem-20.04_5.6.0-1056.60_amd64.deb (5.4 KB)
Extracting: E:\pool\restricted\l\linux-restricted-modules-oem-5.6\linux-modules-nvidia-455-oem-20.04_5.6.0-1056.60_amd64.deb (5.3 KB)
Extracting: E:\pool\restricted\l\linux-restricted-modules-oem-5.6\linux-modules-nvidia-460-5.6.0-1056-oem_5.6.0-1056.60_amd64.deb (6.9 KB)
Extracting: E:\pool\restricted\l\linux-restricted-modules-oem-5.6\linux-modules-nvidia-460-oem-20.04_5.6.0-1056.60_amd64.deb (5.4 KB)
Extracting: E:\pool\restricted\l\linux-restricted-modules-oem-5.6\linux-objects-nvidia-450-5.6.0-1056-oem_5.6.0-1056.60_amd64.deb (11.0 MB)
Extracting: E:\pool\restricted\l\linux-restricted-modules-oem-5.6\linux-objects-nvidia-460-5.6.0-1056-oem_5.6.0-1056.60_amd64.deb (23.1 MB)
Extracting: E:\pool\restricted\l\linux-restricted-signatures-hwe-5.11\linux-signatures-nvidia-5.11.0-27-generic_5.11.0-27.29~20.04.1_amd64.deb (25.2 KB)
Extracting: E:\pool\restricted\l\linux-restricted-signatures-oem-5.6\linux-signatures-nvidia-5.6.0-1056-oem_5.6.0-1056.60_amd64.deb (12.2 KB)
Extracting: E:\pool\restricted\n\nvidia-graphics-drivers-390\libnvidia-cfg1-390_390.144-0ubuntu0.20.04.1_amd64.deb (67.9 KB)
Extracting: E:\pool\restricted\n\nvidia-graphics-drivers-390\libnvidia-common-390_390.144-0ubuntu0.20.04.1_all.deb (9.5 KB)
Extracting: E:\pool\restricted\n\nvidia-graphics-drivers-390\libnvidia-compute-390_390.144-0ubuntu0.20.04.1_amd64.deb (19.6 MB)
Extracting: E:\pool\restricted\n\nvidia-graphics-drivers-390\libnvidia-compute-390_390.144-0ubuntu0.20.04.1_i386.deb (20 MB)
Extracting: E:\pool\restricted\n\nvidia-graphics-drivers-390\libnvidia-decode-390_390.144-0ubuntu0.20.04.1_amd64.deb (1.1 MB)
Extracting: E:\pool\restricted\n\nvidia-graphics-drivers-390\libnvidia-decode-390_390.144-0ubuntu0.20.04.1_i386.deb (1.1 MB)
Extracting: E:\pool\restricted\n\nvidia-graphics-drivers-390\libnvidia-encode-390_390.144-0ubuntu0.20.04.1_amd64.deb (50.6 KB)
Extracting: E:\pool\restricted\n\nvidia-graphics-drivers-390\libnvidia-encode-390_390.144-0ubuntu0.20.04.1_i386.deb (51.0 KB)
Extracting: E:\pool\restricted\n\nvidia-graphics-drivers-390\libnvidia-fbc1-390_390.144-0ubuntu0.20.04.1_amd64.deb (39.9 KB)
Extracting: E:\pool\restricted\n\nvidia-graphics-drivers-390\libnvidia-fbc1-390_390.144-0ubuntu0.20.04.1_i386.deb (36.9 KB)
Extracting: E:\pool\restricted\n\nvidia-graphics-drivers-390\libnvidia-gl-390_390.144-0ubuntu0.20.04.1_amd64.deb (13.7 MB)
Extracting: E:\pool\restricted\n\nvidia-graphics-drivers-390\libnvidia-gl-390_390.144-0ubuntu0.20.04.1_i386.deb (14.2 MB)
Extracting: E:\pool\restricted\n\nvidia-graphics-drivers-390\libnvidia-ifr1-390_390.144-0ubuntu0.20.04.1_amd64.deb (67.0 KB)
Extracting: E:\pool\restricted\n\nvidia-graphics-drivers-390\libnvidia-ifr1-390_390.144-0ubuntu0.20.04.1_i386.deb (60.1 KB)
Extracting: E:\pool\restricted\n\nvidia-graphics-drivers-390\nvidia-compute-utils-390_390.144-0ubuntu0.20.04.1_amd64.deb (66.5 KB)
Extracting: E:\pool\restricted\n\nvidia-graphics-drivers-390\nvidia-driver-390_390.144-0ubuntu0.20.04.1_amd64.deb (383.8 KB)
Extracting: E:\pool\restricted\n\nvidia-graphics-drivers-390\nvidia-kernel-common-390_390.144-0ubuntu0.20.04.1_amd64.deb (9.6 KB)
Extracting: E:\pool\restricted\n\nvidia-graphics-drivers-390\nvidia-kernel-source-390_390.144-0ubuntu0.20.04.1_amd64.deb (9.1 MB)
Extracting: E:\pool\restricted\n\nvidia-graphics-drivers-390\nvidia-utils-390_390.144-0ubuntu0.20.04.1_amd64.deb (318.6 KB)
Extracting: E:\pool\restricted\n\nvidia-graphics-drivers-390\xserver-xorg-video-nvidia-390_390.144-0ubuntu0.20.04.1_amd64.deb (1.6 MB)
Extracting: E:\pool\restricted\n\nvidia-graphics-drivers-430\nvidia-driver-418_430.50-0ubuntu3_amd64.deb (6.8 KB)
Extracting: E:\pool\restricted\n\nvidia-graphics-drivers-440\nvidia-driver-430_440.100-0ubuntu0.20.04.1_amd64.deb (7.2 KB)
Extracting: E:\pool\restricted\n\nvidia-graphics-drivers-450\libnvidia-compute-440_450.119.03-0ubuntu0.20.04.1_i386.deb (6.7 KB)
Extracting: E:\pool\restricted\n\nvidia-graphics-drivers-450\libnvidia-decode-440_450.119.03-0ubuntu0.20.04.1_i386.deb (6.7 KB)
Extracting: E:\pool\restricted\n\nvidia-graphics-drivers-450\libnvidia-encode-440_450.119.03-0ubuntu0.20.04.1_i386.deb (6.7 KB)
Extracting: E:\pool\restricted\n\nvidia-graphics-drivers-450\libnvidia-fbc1-440_450.119.03-0ubuntu0.20.04.1_i386.deb (6.7 KB)
Extracting: E:\pool\restricted\n\nvidia-graphics-drivers-450\libnvidia-gl-440_450.119.03-0ubuntu0.20.04.1_i386.deb (6.7 KB)
Extracting: E:\pool\restricted\n\nvidia-graphics-drivers-450\libnvidia-ifr1-440_450.119.03-0ubuntu0.20.04.1_i386.deb (6.7 KB)
Extracting: E:\pool\restricted\n\nvidia-graphics-drivers-450\nvidia-driver-440_450.119.03-0ubuntu0.20.04.1_amd64.deb (6.6 KB)
Extracting: E:\pool\restricted\n\nvidia-graphics-drivers-455\libnvidia-compute-435_455.45.01-0ubuntu0.20.04.1_i386.deb (5.9 KB)
Extracting: E:\pool\restricted\n\nvidia-graphics-drivers-455\libnvidia-decode-435_455.45.01-0ubuntu0.20.04.1_i386.deb (5.9 KB)
Extracting: E:\pool\restricted\n\nvidia-graphics-drivers-455\libnvidia-encode-435_455.45.01-0ubuntu0.20.04.1_i386.deb (5.9 KB)
Extracting: E:\pool\restricted\n\nvidia-graphics-drivers-455\libnvidia-fbc1-435_455.45.01-0ubuntu0.20.04.1_i386.deb (5.9 KB)
Extracting: E:\pool\restricted\n\nvidia-graphics-drivers-455\libnvidia-gl-435_455.45.01-0ubuntu0.20.04.1_i386.deb (5.9 KB)
Extracting: E:\pool\restricted\n\nvidia-graphics-drivers-455\libnvidia-ifr1-435_455.45.01-0ubuntu0.20.04.1_i386.deb (5.9 KB)
Extracting: E:\pool\restricted\n\nvidia-graphics-drivers-455\nvidia-driver-435_455.45.01-0ubuntu0.20.04.1_amd64.deb (5.9 KB)
Extracting: E:\pool\restricted\n\nvidia-graphics-drivers-460\libnvidia-cfg1-460_460.91.03-0ubuntu0.20.04.1_amd64.deb (77.3 KB)
Extracting: E:\pool\restricted\n\nvidia-graphics-drivers-460\libnvidia-common-460_460.91.03-0ubuntu0.20.04.1_all.deb (10.7 KB)
Extracting: E:\pool\restricted\n\nvidia-graphics-drivers-460\libnvidia-compute-460_460.91.03-0ubuntu0.20.04.1_amd64.deb (20.8 MB)
Extracting: E:\pool\restricted\n\nvidia-graphics-drivers-460\libnvidia-decode-460_460.91.03-0ubuntu0.20.04.1_amd64.deb (1.3 MB)
Extracting: E:\pool\restricted\n\nvidia-graphics-drivers-460\libnvidia-encode-460_460.91.03-0ubuntu0.20.04.1_amd64.deb (40.4 KB)
Extracting: E:\pool\restricted\n\nvidia-graphics-drivers-460\libnvidia-extra-460_460.91.03-0ubuntu0.20.04.1_amd64.deb (40.6 KB)
Extracting: E:\pool\restricted\n\nvidia-graphics-drivers-460\libnvidia-fbc1-460_460.91.03-0ubuntu0.20.04.1_amd64.deb (46.1 KB)
Extracting: E:\pool\restricted\n\nvidia-graphics-drivers-460\libnvidia-gl-460_460.91.03-0ubuntu0.20.04.1_amd64.deb (76.9 MB)
Extracting: E:\pool\restricted\n\nvidia-graphics-drivers-460\libnvidia-ifr1-460_460.91.03-0ubuntu0.20.04.1_amd64.deb (67.7 KB)
Extracting: E:\pool\restricted\n\nvidia-graphics-drivers-460\nvidia-compute-utils-460_460.91.03-0ubuntu0.20.04.1_amd64.deb (103.8 KB)
Extracting: E:\pool\restricted\n\nvidia-graphics-drivers-460\nvidia-driver-450_460.91.03-0ubuntu0.20.04.1_amd64.deb (7.4 KB)
Extracting: E:\pool\restricted\n\nvidia-graphics-drivers-460\nvidia-driver-455_460.91.03-0ubuntu0.20.04.1_amd64.deb (7.4 KB)
Extracting: E:\pool\restricted\n\nvidia-graphics-drivers-460\nvidia-driver-460_460.91.03-0ubuntu0.20.04.1_amd64.deb (424.2 KB)
Extracting: E:\pool\restricted\n\nvidia-graphics-drivers-460\nvidia-kernel-common-450_460.91.03-0ubuntu0.20.04.1_amd64.deb (7.5 KB)
Extracting: E:\pool\restricted\n\nvidia-graphics-drivers-460\nvidia-kernel-common-460_460.91.03-0ubuntu0.20.04.1_amd64.deb (20.4 KB)
Extracting: E:\pool\restricted\n\nvidia-graphics-drivers-460\nvidia-kernel-source-460_460.91.03-0ubuntu0.20.04.1_amd64.deb (23.4 MB)
Extracting: E:\pool\restricted\n\nvidia-graphics-drivers-460\nvidia-utils-460_460.91.03-0ubuntu0.20.04.1_amd64.deb (358.2 KB)
Extracting: E:\pool\restricted\n\nvidia-graphics-drivers-460\xserver-xorg-video-nvidia-460_460.91.03-0ubuntu0.20.04.1_amd64.deb (1.5 MB)
Extracting: E:\pool\restricted\n\nvidia-graphics-drivers-470\libnvidia-cfg1-470_470.57.02-0ubuntu0.20.04.1_amd64.deb (76.4 KB)
Extracting: E:\pool\restricted\n\nvidia-graphics-drivers-470\libnvidia-common-470_470.57.02-0ubuntu0.20.04.1_all.deb (9 KB)
Extracting: E:\pool\restricted\n\nvidia-graphics-drivers-470\libnvidia-compute-470_470.57.02-0ubuntu0.20.04.1_amd64.deb (30.0 MB)
Extracting: E:\pool\restricted\n\nvidia-graphics-drivers-470\libnvidia-decode-470_470.57.02-0ubuntu0.20.04.1_amd64.deb (1.3 MB)
Extracting: E:\pool\restricted\n\nvidia-graphics-drivers-470\libnvidia-encode-470_470.57.02-0ubuntu0.20.04.1_amd64.deb (39.8 KB)
Extracting: E:\pool\restricted\n\nvidia-graphics-drivers-470\libnvidia-extra-470_470.57.02-0ubuntu0.20.04.1_amd64.deb (41.5 KB)
Extracting: E:\pool\restricted\n\nvidia-graphics-drivers-470\libnvidia-fbc1-470_470.57.02-0ubuntu0.20.04.1_amd64.deb (44.6 KB)
Extracting: E:\pool\restricted\n\nvidia-graphics-drivers-470\libnvidia-gl-470_470.57.02-0ubuntu0.20.04.1_amd64.deb (137.3 MB)
Extracting: E:\pool\restricted\n\nvidia-graphics-drivers-470\libnvidia-ifr1-470_470.57.02-0ubuntu0.20.04.1_amd64.deb (66 KB)
Extracting: E:\pool\restricted\n\nvidia-graphics-drivers-470\nvidia-compute-utils-470_470.57.02-0ubuntu0.20.04.1_amd64.deb (102.2 KB)
Extracting: E:\pool\restricted\n\nvidia-graphics-drivers-470\nvidia-driver-465_470.57.02-0ubuntu0.20.04.1_amd64.deb (5.7 KB)
Extracting: E:\pool\restricted\n\nvidia-graphics-drivers-470\nvidia-driver-470_470.57.02-0ubuntu0.20.04.1_amd64.deb (432.5 KB)
Extracting: E:\pool\restricted\n\nvidia-graphics-drivers-470\nvidia-kernel-common-470_470.57.02-0ubuntu0.20.04.1_amd64.deb (15.7 MB)
Extracting: E:\pool\restricted\n\nvidia-graphics-drivers-470\nvidia-kernel-source-470_470.57.02-0ubuntu0.20.04.1_amd64.deb (24.0 MB)
Extracting: E:\pool\restricted\n\nvidia-graphics-drivers-470\nvidia-utils-470_470.57.02-0ubuntu0.20.04.1_amd64.deb (365.6 KB)
Extracting: E:\pool\restricted\n\nvidia-graphics-drivers-470\xserver-xorg-video-nvidia-470_470.57.02-0ubuntu0.20.04.1_amd64.deb (1.5 MB)
Extracting: E:\preseed\cli.seed (266 bytes)
Extracting: E:\preseed\ltsp.seed (551 bytes)
Extracting: E:\preseed\ubuntu.seed (514 bytes)
Extracting: E:\ubuntu (0 bytes)
  Ignoring Rock Ridge symbolic link to '.'
Created: E:\syslinux.cfg → /isolinux/isolinux.cfg
Finalizing, please wait...
Created: E:autorun.inf
Created: E:autorun.ico

Found USB 2.0 device 'SCSI DISK USB Device' (23A9:EF18)
Using autorun.inf label for drive E: 'Ubuntu 20.04.3 LTS amd64'
1 device found
Disk type: Removable, Disk size: 8 ГБ, Sector size: 512 bytes
Cylinders: 981, Tracks per cylinder: 255, Sectors per track: 63
Partition type: MBR, NB Partitions: 1
Disk ID: 0x001F6AD8
Drive has a Syslinux Master Boot Record
Partition 1:
  Type: FAT32 LBA (0x0c)
  Size: 7.5 GB (8068841472 bytes)
  Start Sector: 2048, Boot: Yes
0 devices found
Found USB 2.0 device 'SCSI DISK USB Device' (23A9:EF18)
Using autorun.inf label for drive E: 'Ubuntu 20.04.3 LTS amd64'
1 device found
Disk type: Removable, Disk size: 8 ГБ, Sector size: 512 bytes
Cylinders: 981, Tracks per cylinder: 255, Sectors per track: 63
Partition type: MBR, NB Partitions: 1
Disk ID: 0x001F6AD8
Drive has a Syslinux Master Boot Record
Partition 1:
  Type: FAT32 LBA (0x0c)
  Size: 7.5 GB (8068841472 bytes)
  Start Sector: 2048, Boot: Yes
Found USB 2.0 device 'SCSI DISK USB Device' (23A9:EF18)
Using autorun.inf label for drive E: 'Ubuntu 20.04.3 LTS amd64'
1 device found
Disk type: Removable, Disk size: 8 ГБ, Sector size: 512 bytes
Cylinders: 981, Tracks per cylinder: 255, Sectors per track: 63
Partition type: MBR, NB Partitions: 1
Disk ID: 0x001F6AD8
Drive has a Syslinux Master Boot Record
Partition 1:
  Type: FAT32 LBA (0x0c)
  Size: 7.5 GB (8068841472 bytes)
  Start Sector: 2048, Boot: Yes
Found USB 2.0 device 'SCSI DISK USB Device' (23A9:EF18)
Using autorun.inf label for drive E: 'Ubuntu 20.04.3 LTS amd64'
1 device found
Disk type: Removable, Disk size: 8 ГБ, Sector size: 512 bytes
Cylinders: 981, Tracks per cylinder: 255, Sectors per track: 63
Partition type: MBR, NB Partitions: 1
Disk ID: 0x001F6AD8
Drive has a Syslinux Master Boot Record
Partition 1:
  Type: FAT32 LBA (0x0c)
  Size: 7.5 GB (8068841472 bytes)
  Start Sector: 2048, Boot: Yes
Found USB 2.0 device 'SCSI DISK USB Device' (23A9:EF18)
1 device found
Disk type: Removable, Disk size: 8 ГБ, Sector size: 512 bytes
Cylinders: 981, Tracks per cylinder: 255, Sectors per track: 63
Partition type: MBR, NB Partitions: 1
Disk ID: 0x001F6AD8
Drive has a Syslinux Master Boot Record
Partition 1:
  Type: FAT32 LBA (0x0c)
  Size: 7.5 GB (8068841472 bytes)
  Start Sector: 2048, Boot: Yes
0 devices found
0 devices found
0 devices found
0 devices found
0 devices found
0 devices found
0 devices found
0 devices found
0 devices found
0 devices found
0 devices found
0 devices found
0 devices found
0 devices found
0 devices found
0 devices found
0 devices found
0 devices found
0 devices found
0 devices found
0 devices found
0 devices found
0 devices found
0 devices found
0 devices found
0 devices found
0 devices found
0 devices found
0 devices found
0 devices found
0 devices found
0 devices found
0 devices found
0 devices found
0 devices found
0 devices found
0 devices found
0 devices found
0 devices found
0 devices found
0 devices found
0 devices found
0 devices found
0 devices found
0 devices found
0 devices found
0 devices found
0 devices found
0 devices found
0 devices found
0 devices found
0 devices found
0 devices found
0 devices found
0 devices found
0 devices found
0 devices found
0 devices found
0 devices found
0 devices found
0 devices found
0 devices found
0 devices found
0 devices found
0 devices found
0 devices found
0 devices found
0 devices found
0 devices found
0 devices found
0 devices found
0 devices found
0 devices found
0 devices found
0 devices found
0 devices found
0 devices found
0 devices found
0 devices found
0 devices found
0 devices found
0 devices found
0 devices found
0 devices found
0 devices found
0 devices found
0 devices found
0 devices found
0 devices found
0 devices found
0 devices found
0 devices found
0 devices found
0 devices found
0 devices found
0 devices found
0 devices found
0 devices found
0 devices found
0 devices found
0 devices found
0 devices found
0 devices found
0 devices found
0 devices found
0 devices found
0 devices found
0 devices found
0 devices found
0 devices found
0 devices found
0 devices found
0 devices found
0 devices found
0 devices found
0 devices found
0 devices found
0 devices found
0 devices found
0 devices found
0 devices found
0 devices found
0 devices found
0 devices found
0 devices found
0 devices found
0 devices found
0 devices found
0 devices found
0 devices found
0 devices found
0 devices found
0 devices found
0 devices found
0 devices found
0 devices found
0 devices found
0 devices found
0 devices found
0 devices found
0 devices found
0 devices found
0 devices found
0 devices found
0 devices found
0 devices found
0 devices found
0 devices found
0 devices found
0 devices found
0 devices found
0 devices found
0 devices found
0 devices found
0 devices found
0 devices found
0 devices found
0 devices found
0 devices found
0 devices found
0 devices found
0 devices found
0 devices found
0 devices found
0 devices found
0 devices found
0 devices found
0 devices found
0 devices found
0 devices found
0 devices found
0 devices found
0 devices found
0 devices found
0 devices found
0 devices found
0 devices found
0 devices found
0 devices found
0 devices found
0 devices found
0 devices found
0 devices found
0 devices found
0 devices found
0 devices found
0 devices found
0 devices found
0 devices found
0 devices found
0 devices found
0 devices found
0 devices found
0 devices found
0 devices found
0 devices found
0 devices found
0 devices found
0 devices found
0 devices found
0 devices found
0 devices found
0 devices found
0 devices found
0 devices found
0 devices found
0 devices found
0 devices found
0 devices found
0 devices found
0 devices found
0 devices found
0 devices found
0 devices found
0 devices found
0 devices found
0 devices found
0 devices found
0 devices found
0 devices found
0 devices found
0 devices found
0 devices found
0 devices found
0 devices found
0 devices found
0 devices found
0 devices found
0 devices found
0 devices found
0 devices found
0 devices found
0 devices found
0 devices found
0 devices found
0 devices found
0 devices found
0 devices found
0 devices found
0 devices found
0 devices found
0 devices found
0 devices found
0 devices found
0 devices found
0 devices found
0 devices found
0 devices found
0 devices found
0 devices found
0 devices found
0 devices found
0 devices found
0 devices found
0 devices found
0 devices found
0 devices found
0 devices found
0 devices found
0 devices found
0 devices found
0 devices found
0 devices found
0 devices found
0 devices found
0 devices found
0 devices found
0 devices found
0 devices found
0 devices found
0 devices found
0 devices found
0 devices found
0 devices found
0 devices found
0 devices found
0 devices found
0 devices found
0 devices found
0 devices found
0 devices found
0 devices found
0 devices found
0 devices found
0 devices found
0 devices found
0 devices found
0 devices found
0 devices found
0 devices found
0 devices found
0 devices found
0 devices found
0 devices found
0 devices found
0 devices found
0 devices found
0 devices found
0 devices found
0 devices found
0 devices found
0 devices found
0 devices found
0 devices found
0 devices found
0 devices found
0 devices found
0 devices found
0 devices found
0 devices found
0 devices found
0 devices found
0 devices found
0 devices found
0 devices found
0 devices found
0 devices found
0 devices found
0 devices found
0 devices found
0 devices found
0 devices found
0 devices found
0 devices found
0 devices found
0 devices found
0 devices found
0 devices found
0 devices found
0 devices found
0 devices found
0 devices found
0 devices found
0 devices found
0 devices found
0 devices found
0 devices found
0 devices found
0 devices found
0 devices found
0 devices found
0 devices found
0 devices found
0 devices found
0 devices found
0 devices found
0 devices found
0 devices found
0 devices found
0 devices found
0 devices found
0 devices found
0 devices found
0 devices found
0 devices found
0 devices found
0 devices found
0 devices found
0 devices found
0 devices found
0 devices found
0 devices found
0 devices found
0 devices found
0 devices found
0 devices found
0 devices found
0 devices found
0 devices found
0 devices found
0 devices found
0 devices found
0 devices found
0 devices found
0 devices found
0 devices found
0 devices found
0 devices found
0 devices found
0 devices found
0 devices found
0 devices found
0 devices found
0 devices found
0 devices found
0 devices found
0 devices found
0 devices found
0 devices found
0 devices found
0 devices found
0 devices found
0 devices found
0 devices found
0 devices found
0 devices found
0 devices found
0 devices found
0 devices found
0 devices found
0 devices found
0 devices found
0 devices found
0 devices found
0 devices found
0 devices found
0 devices found
0 devices found
0 devices found
0 devices found
0 devices found
0 devices found
0 devices found
0 devices found
0 devices found
0 devices found
0 devices found
0 devices found
0 devices found
0 devices found
0 devices found
0 devices found
0 devices found
0 devices found
0 devices found
0 devices found
0 devices found
0 devices found
0 devices found
0 devices found
0 devices found
0 devices found
0 devices found
0 devices found
0 devices found
0 devices found
0 devices found
0 devices found
0 devices found
0 devices found
0 devices found
0 devices found
0 devices found
0 devices found
0 devices found
0 devices found
0 devices found
0 devices found
0 devices found
0 devices found
0 devices found
0 devices found
0 devices found
0 devices found
0 devices found
0 devices found
0 devices found
0 devices found
0 devices found
0 devices found
0 devices found
0 devices found
0 devices found
0 devices found
0 devices found
0 devices found
0 devices found
0 devices found
0 devices found
0 devices found
0 devices found
0 devices found
0 devices found
0 devices found
0 devices found
0 devices found
0 devices found
0 devices found
0 devices found
0 devices found
0 devices found
0 devices found
0 devices found
0 devices found
0 devices found
0 devices found
0 devices found
0 devices found
0 devices found
0 devices found
0 devices found
0 devices found
0 devices found
0 devices found
0 devices found
0 devices found
0 devices found
0 devices found
0 devices found
0 devices found
0 devices found
0 devices found
0 devices found
0 devices found
0 devices found
0 devices found
0 devices found
0 devices found
0 devices found
0 devices found
0 devices found
0 devices found
0 devices found
0 devices found
0 devices found
0 devices found
0 devices found
0 devices found
0 devices found
0 devices found
0 devices found
0 devices found
0 devices found
0 devices found
0 devices found
0 devices found
0 devices found
0 devices found
0 devices found
0 devices found
0 devices found
0 devices found
0 devices found
0 devices found
0 devices found
0 devices found
0 devices found
0 devices found
0 devices found
0 devices found
0 devices found
0 devices found
0 devices found
0 devices found
0 devices found
0 devices found
0 devices found
0 devices found
0 devices found
0 devices found
0 devices found
0 devices found
0 devices found
0 devices found
0 devices found
0 devices found
0 devices found
0 devices found
0 devices found
0 devices found
0 devices found
0 devices found
0 devices found
0 devices found
0 devices found
0 devices found
0 devices found
0 devices found
0 devices found
0 devices found
0 devices found
0 devices found
0 devices found
0 devices found
0 devices found
0 devices found
0 devices found
0 devices found
0 devices found
0 devices found
0 devices found
0 devices found
0 devices found
0 devices found
0 devices found
0 devices found
0 devices found
0 devices found
0 devices found
0 devices found
0 devices found
0 devices found
0 devices found
0 devices found
0 devices found
0 devices found
0 devices found
0 devices found
0 devices found
0 devices found
0 devices found
0 devices found
0 devices found
0 devices found
0 devices found
0 devices found
0 devices found
0 devices found
0 devices found
0 devices found
0 devices found
0 devices found
0 devices found
0 devices found
0 devices found
0 devices found
0 devices found
0 devices found
0 devices found
0 devices found
0 devices found
0 devices found
0 devices found
0 devices found
0 devices found
0 devices found
0 devices found
0 devices found
0 devices found
0 devices found
0 devices found
0 devices found
0 devices found
0 devices found
0 devices found
0 devices found
0 devices found
0 devices found
0 devices found
0 devices found
0 devices found
0 devices found
0 devices found
0 devices found
0 devices found
0 devices found
0 devices found
0 devices found
0 devices found
0 devices found
0 devices found
0 devices found
0 devices found
0 devices found
0 devices found
0 devices found
0 devices found
0 devices found
0 devices found
0 devices found
0 devices found
0 devices found
0 devices found
0 devices found
0 devices found
0 devices found
0 devices found
0 devices found
0 devices found
0 devices found
0 devices found
0 devices found
0 devices found
0 devices found
0 devices found
0 devices found
0 devices found
0 devices found
0 devices found
0 devices found
0 devices found
0 devices found
0 devices found
0 devices found
0 devices found
0 devices found
0 devices found
0 devices found
0 devices found
0 devices found
0 devices found
0 devices found
0 devices found
0 devices found
0 devices found
0 devices found
0 devices found
0 devices found
0 devices found
0 devices found
0 devices found
0 devices found
0 devices found
0 devices found
0 devices found
0 devices found
0 devices found
0 devices found
0 devices found
0 devices found
0 devices found
0 devices found
0 devices found
0 devices found
0 devices found
0 devices found
0 devices found
0 devices found
0 devices found
0 devices found
0 devices found
0 devices found
0 devices found
0 devices found
0 devices found
0 devices found
0 devices found
0 devices found
0 devices found
0 devices found
0 devices found
0 devices found
0 devices found
0 devices found
0 devices found
0 devices found
0 devices found
0 devices found
0 devices found
0 devices found
0 devices found
0 devices found
0 devices found
0 devices found
0 devices found
0 devices found
0 devices found
0 devices found
0 devices found
0 devices found
0 devices found
0 devices found
0 devices found
0 devices found
0 devices found
0 devices found
0 devices found
0 devices found
0 devices found
0 devices found
0 devices found
0 devices found
0 devices found
0 devices found
0 devices found
0 devices found
0 devices found
0 devices found
0 devices found
0 devices found
0 devices found
0 devices found
0 devices found
0 devices found
0 devices found
0 devices found
0 devices found
0 devices found
0 devices found
0 devices found
0 devices found
0 devices found
0 devices found
0 devices found
0 devices found
0 devices found
0 devices found
0 devices found
0 devices found
0 devices found
0 devices found
0 devices found
0 devices found
0 devices found
0 devices found
0 devices found
0 devices found
0 devices found
0 devices found
0 devices found
0 devices found
0 devices found
0 devices found
0 devices found
0 devices found
0 devices found
0 devices found
0 devices found
0 devices found
0 devices found
0 devices found
0 devices found
0 devices found
0 devices found
0 devices found
0 devices found
0 devices found
0 devices found
0 devices found
0 devices found
0 devices found
0 devices found
0 devices found
0 devices found
0 devices found
0 devices found
0 devices found
0 devices found
0 devices found
0 devices found
0 devices found
0 devices found
0 devices found
0 devices found
0 devices found
0 devices found
0 devices found
0 devices found
0 devices found
0 devices found
0 devices found
0 devices found
0 devices found
0 devices found
0 devices found
0 devices found
0 devices found
0 devices found
0 devices found
0 devices found
0 devices found
0 devices found
0 devices found
0 devices found
0 devices found
0 devices found
0 devices found
0 devices found
0 devices found
0 devices found
0 devices found
0 devices found
0 devices found
0 devices found
0 devices found
0 devices found
0 devices found
0 devices found
0 devices found
0 devices found
0 devices found
0 devices found
0 devices found
0 devices found
0 devices found
0 devices found
0 devices found
0 devices found
0 devices found
0 devices found
0 devices found
0 devices found
0 devices found
0 devices found
0 devices found
0 devices found
0 devices found
0 devices found
0 devices found
0 devices found
0 devices found
0 devices found
0 devices found
0 devices found
0 devices found
0 devices found
0 devices found
0 devices found
0 devices found
0 devices found
0 devices found
0 devices found
0 devices found
0 devices found
0 devices found
0 devices found
0 devices found
0 devices found
0 devices found
0 devices found
0 devices found
0 devices found
0 devices found
0 devices found
0 devices found
0 devices found
0 devices found
0 devices found
0 devices found
0 devices found
0 devices found
0 devices found
0 devices found
0 devices found
0 devices found
0 devices found
0 devices found
0 devices found
0 devices found
0 devices found
0 devices found
0 devices found
0 devices found
0 devices found
0 devices found
0 devices found
0 devices found
0 devices found
0 devices found
0 devices found
0 devices found
0 devices found
0 devices found
0 devices found
0 devices found
0 devices found
0 devices found
0 devices found
0 devices found
0 devices found
0 devices found
0 devices found
0 devices found
0 devices found
0 devices found
0 devices found
0 devices found
0 devices found
0 devices found
0 devices found
0 devices found
0 devices found
0 devices found
0 devices found
0 devices found
0 devices found
0 devices found
0 devices found
0 devices found
0 devices found
0 devices found
0 devices found
0 devices found
0 devices found
0 devices found
0 devices found
0 devices found
0 devices found
0 devices found
0 devices found
0 devices found
0 devices found
0 devices found
0 devices found
0 devices found
0 devices found
0 devices found
0 devices found
0 devices found
0 devices found
0 devices found
0 devices found
0 devices found
0 devices found
0 devices found
0 devices found
0 devices found
0 devices found
0 devices found
0 devices found
0 devices found
0 devices found
0 devices found
0 devices found
0 devices found
0 devices found
0 devices found
0 devices found
0 devices found
0 devices found
0 devices found
0 devices found
0 devices found
0 devices found
0 devices found
0 devices found
0 devices found
0 devices found
0 devices found
0 devices found
0 devices found
0 devices found
0 devices found
0 devices found
0 devices found
0 devices found
0 devices found
0 devices found
0 devices found
0 devices found
0 devices found
0 devices found
0 devices found
0 devices found
0 devices found
0 devices found
0 devices found
0 devices found
0 devices found
0 devices found
0 devices found
0 devices found
0 devices found
0 devices found
0 devices found
0 devices found
0 devices found
0 devices found
0 devices found
0 devices found
0 devices found
0 devices found
0 devices found
0 devices found
0 devices found
0 devices found
0 devices found
0 devices found
0 devices found
0 devices found
0 devices found
0 devices found
0 devices found
0 devices found
0 devices found
0 devices found
0 devices found
0 devices found
0 devices found
0 devices found
0 devices found
0 devices found
0 devices found
0 devices found
0 devices found
0 devices found
0 devices found
0 devices found
0 devices found
0 devices found
0 devices found
0 devices found
0 devices found
0 devices found
0 devices found
0 devices found
0 devices found
0 devices found
0 devices found
0 devices found
0 devices found
0 devices found
0 devices found
0 devices found
0 devices found
0 devices found
0 devices found
0 devices found
0 devices found
0 devices found
0 devices found
0 devices found
0 devices found
0 devices found
0 devices found
0 devices found
0 devices found
0 devices found
0 devices found
0 devices found
0 devices found
0 devices found
0 devices found
0 devices found
0 devices found
0 devices found
0 devices found
0 devices found
0 devices found
0 devices found
0 devices found
0 devices found
0 devices found
0 devices found
0 devices found
0 devices found
0 devices found
0 devices found
0 devices found
0 devices found
0 devices found
0 devices found
0 devices found
0 devices found
0 devices found
0 devices found
0 devices found
0 devices found
0 devices found
0 devices found
0 devices found
0 devices found
0 devices found
0 devices found
0 devices found
0 devices found
0 devices found
0 devices found
0 devices found
0 devices found
0 devices found
0 devices found
0 devices found
0 devices found
0 devices found
0 devices found
0 devices found
0 devices found
0 devices found
0 devices found
0 devices found
0 devices found
0 devices found
0 devices found
0 devices found
0 devices found
0 devices found
0 devices found
0 devices found
0 devices found
0 devices found
0 devices found
0 devices found
0 devices found
0 devices found
0 devices found
0 devices found
0 devices found
0 devices found
0 devices found
0 devices found
0 devices found
0 devices found
0 devices found
0 devices found
0 devices found
0 devices found
0 devices found
0 devices found
0 devices found
0 devices found
0 devices found
0 devices found
0 devices found
0 devices found
0 devices found
0 devices found
0 devices found
0 devices found
0 devices found
0 devices found
0 devices found
0 devices found
0 devices found
0 devices found
0 devices found
0 devices found
0 devices found
0 devices found
0 devices found
0 devices found
0 devices found
0 devices found
0 devices found
0 devices found
0 devices found
0 devices found
0 devices found
0 devices found
0 devices found
0 devices found
0 devices found
0 devices found
0 devices found
0 devices found
0 devices found
0 devices found
0 devices found
0 devices found
0 devices found
0 devices found
0 devices found
0 devices found
0 devices found
0 devices found
0 devices found
0 devices found
0 devices found
0 devices found
0 devices found
0 devices found
0 devices found
0 devices found
0 devices found
0 devices found
0 devices found
0 devices found
0 devices found
0 devices found
0 devices found
0 devices found
0 devices found
0 devices found
0 devices found
0 devices found
0 devices found
0 devices found
0 devices found
0 devices found
0 devices found
0 devices found
0 devices found
0 devices found
0 devices found
0 devices found
0 devices found
0 devices found
0 devices found
0 devices found
0 devices found
0 devices found
0 devices found
0 devices found
0 devices found
0 devices found
0 devices found
0 devices found
0 devices found
0 devices found
0 devices found
0 devices found
0 devices found
0 devices found
0 devices found
0 devices found
0 devices found
0 devices found
0 devices found
0 devices found
0 devices found
0 devices found
0 devices found
0 devices found
0 devices found
0 devices found
0 devices found
0 devices found
0 devices found
0 devices found
0 devices found
0 devices found
0 devices found
0 devices found
0 devices found
0 devices found
0 devices found
0 devices found
0 devices found
0 devices found
0 devices found
0 devices found
0 devices found
0 devices found
0 devices found
0 devices found
0 devices found
0 devices found
0 devices found
0 devices found
0 devices found
0 devices found
0 devices found
0 devices found
0 devices found
0 devices found
0 devices found
0 devices found
0 devices found
0 devices found
0 devices found
0 devices found
0 devices found
0 devices found
0 devices found
0 devices found
0 devices found
0 devices found
0 devices found
0 devices found
0 devices found
0 devices found
0 devices found
0 devices found
0 devices found
0 devices found
0 devices found
0 devices found
0 devices found
0 devices found
0 devices found
0 devices found
0 devices found
0 devices found
0 devices found
0 devices found
0 devices found
0 devices found
0 devices found
0 devices found
0 devices found
0 devices found
0 devices found
0 devices found
0 devices found
0 devices found
0 devices found
0 devices found
0 devices found
0 devices found
0 devices found
0 devices found
0 devices found
0 devices found
0 devices found
0 devices found
0 devices found
0 devices found
0 devices found
0 devices found
0 devices found
0 devices found
0 devices found
0 devices found
0 devices found
0 devices found
0 devices found
0 devices found
0 devices found
0 devices found
0 devices found
0 devices found
0 devices found
0 devices found
0 devices found
0 devices found
0 devices found
0 devices found
0 devices found
0 devices found
0 devices found
0 devices found
0 devices found
0 devices found
0 devices found
0 devices found
0 devices found
0 devices found
0 devices found
0 devices found
0 devices found
0 devices found
0 devices found
0 devices found
0 devices found
0 devices found
0 devices found
0 devices found
0 devices found
0 devices found
0 devices found
0 devices found
0 devices found
0 devices found
0 devices found
0 devices found
0 devices found
0 devices found
0 devices found
0 devices found
0 devices found
0 devices found
0 devices found
0 devices found
0 devices found
0 devices found
0 devices found
0 devices found
0 devices found
0 devices found
0 devices found
0 devices found
0 devices found
0 devices found
0 devices found
0 devices found
0 devices found
0 devices found
0 devices found
0 devices found
0 devices found
0 devices found
0 devices found
0 devices found
0 devices found
0 devices found
0 devices found
0 devices found
0 devices found
0 devices found
0 devices found
0 devices found
0 devices found
0 devices found
0 devices found
0 devices found
0 devices found
0 devices found
0 devices found
0 devices found
0 devices found
0 devices found
0 devices found
0 devices found
0 devices found
0 devices found
0 devices found
0 devices found
0 devices found
0 devices found
0 devices found
0 devices found
0 devices found
0 devices found
0 devices found
0 devices found
0 devices found
0 devices found
0 devices found
0 devices found
0 devices found
0 devices found
0 devices found
0 devices found
0 devices found
0 devices found
0 devices found
0 devices found
0 devices found
0 devices found
0 devices found
0 devices found
0 devices found
0 devices found
0 devices found
0 devices found
0 devices found
0 devices found
0 devices found
0 devices found
0 devices found
0 devices found
0 devices found
0 devices found
0 devices found
0 devices found
0 devices found
0 devices found
0 devices found
0 devices found
0 devices found
0 devices found
0 devices found
0 devices found
0 devices found
0 devices found
0 devices found
0 devices found
0 devices found
0 devices found
0 devices found
0 devices found
0 devices found
0 devices found
0 devices found
0 devices found
0 devices found
0 devices found
0 devices found
0 devices found
0 devices found
0 devices found
0 devices found
0 devices found
0 devices found
0 devices found
0 devices found
0 devices found
0 devices found
0 devices found
0 devices found
0 devices found
0 devices found
0 devices found
0 devices found
0 devices found
0 devices found
0 devices found
0 devices found
0 devices found
0 devices found
0 devices found
0 devices found
0 devices found
0 devices found
0 devices found
0 devices found
0 devices found
0 devices found
0 devices found
0 devices found
0 devices found
0 devices found
0 devices found
0 devices found
0 devices found
0 devices found
0 devices found
0 devices found
0 devices found
0 devices found
0 devices found
0 devices found
0 devices found
0 devices found
0 devices found
0 devices found
0 devices found
0 devices found
0 devices found
0 devices found
0 devices found
0 devices found
0 devices found
0 devices found
0 devices found
0 devices found
0 devices found
0 devices found
0 devices found
0 devices found
0 devices found
0 devices found
0 devices found
0 devices found
0 devices found
0 devices found
0 devices found
0 devices found
0 devices found
0 devices found
0 devices found
0 devices found
0 devices found
0 devices found
0 devices found
0 devices found
0 devices found
0 devices found
0 devices found
0 devices found
0 devices found
0 devices found
0 devices found
0 devices found
0 devices found
0 devices found
0 devices found
0 devices found
0 devices found
0 devices found
0 devices found
0 devices found
0 devices found
0 devices found
0 devices found
0 devices found
0 devices found
0 devices found
0 devices found
0 devices found
0 devices found
0 devices found
0 devices found
0 devices found
0 devices found
0 devices found
0 devices found
0 devices found
0 devices found
0 devices found
0 devices found
0 devices found
0 devices found
0 devices found
0 devices found
0 devices found
0 devices found
0 devices found
0 devices found
0 devices found
0 devices found
0 devices found
0 devices found
0 devices found
0 devices found
0 devices found
0 devices found
0 devices found
0 devices found
0 devices found
0 devices found
0 devices found
0 devices found
0 devices found
0 devices found
0 devices found
0 devices found
0 devices found
0 devices found
0 devices found
0 devices found
0 devices found
0 devices found
0 devices found
0 devices found
0 devices found
0 devices found
0 devices found
0 devices found
0 devices found
0 devices found
0 devices found
0 devices found
0 devices found
0 devices found
0 devices found
0 devices found
0 devices found
0 devices found
0 devices found
0 devices found
0 devices found
0 devices found
0 devices found
0 devices found
0 devices found
0 devices found
0 devices found
0 devices found
0 devices found
0 devices found
0 devices found
0 devices found
0 devices found
0 devices found
0 devices found
0 devices found
0 devices found
0 devices found
0 devices found
0 devices found
0 devices found
0 devices found
0 devices found
0 devices found
0 devices found
0 devices found
0 devices found
0 devices found
0 devices found
0 devices found
0 devices found
0 devices found
0 devices found
0 devices found
0 devices found
0 devices found
0 devices found
0 devices found
0 devices found
0 devices found
0 devices found
0 devices found
0 devices found
0 devices found
0 devices found
0 devices found
0 devices found
0 devices found
0 devices found
0 devices found
0 devices found
0 devices found
0 devices found
0 devices found
0 devices found
0 devices found
0 devices found
0 devices found
0 devices found
0 devices found
0 devices found
0 devices found
0 devices found
0 devices found
0 devices found
0 devices found
0 devices found
0 devices found
0 devices found
0 devices found
0 devices found
0 devices found
0 devices found
0 devices found
0 devices found
0 devices found
0 devices found
0 devices found
0 devices found
0 devices found
0 devices found
0 devices found
0 devices found
0 devices found
0 devices found
0 devices found
0 devices found
0 devices found
0 devices found
0 devices found
0 devices found
0 devices found
0 devices found
0 devices found
0 devices found
0 devices found
0 devices found
0 devices found
0 devices found
